2025-08-21 13:55:22.004 [info] Reading sessions from keychain...
2025-08-21 13:55:22.004 [info] Getting sessions for all scopes...
2025-08-21 13:55:22.011 [info] Got stored sessions!
2025-08-21 13:55:22.011 [info] Got 1 verified sessions.
2025-08-21 13:55:22.011 [info] Got 1 sessions for ...
2025-08-21 13:55:22.011 [info] Getting sessions for all scopes...
2025-08-21 13:55:22.011 [info] Got 1 sessions for ...
2025-08-21 13:55:22.011 [info] Getting sessions for all scopes...
2025-08-21 13:55:22.011 [info] Got 1 sessions for ...
2025-08-21 13:55:22.011 [info] Getting sessions for all scopes...
2025-08-21 13:55:22.011 [info] Got 1 sessions for ...
2025-08-21 13:55:22.011 [info] Getting sessions for all scopes...
2025-08-21 13:55:22.011 [info] Got 1 sessions for ...
2025-08-21 13:55:22.011 [info] Getting sessions for all scopes...
2025-08-21 13:55:22.011 [info] Got 1 sessions for ...
2025-08-21 13:55:22.011 [info] Getting sessions for all scopes...
2025-08-21 13:55:22.011 [info] Got 1 sessions for ...
2025-08-21 13:55:22.036 [info] Getting sessions for all scopes...
2025-08-21 13:55:22.036 [info] Got 1 sessions for ...
2025-08-21 13:55:22.036 [info] Getting sessions for all scopes...
2025-08-21 13:55:22.036 [info] Got 1 sessions for ...
2025-08-21 13:55:22.036 [info] Getting sessions for all scopes...
2025-08-21 13:55:22.036 [info] Got 1 sessions for ...
2025-08-21 13:55:22.036 [info] Getting sessions for all scopes...
2025-08-21 13:55:22.036 [info] Got 1 sessions for ...
2025-08-21 13:55:22.037 [info] Getting sessions for all scopes...
2025-08-21 13:55:22.037 [info] Got 1 sessions for ...
2025-08-21 13:55:22.037 [info] Getting sessions for all scopes...
2025-08-21 13:55:22.037 [info] Got 1 sessions for ...
2025-08-21 13:55:22.070 [info] Getting sessions for all scopes...
2025-08-21 13:55:22.070 [info] Got 1 sessions for ...
2025-08-21 13:55:23.070 [info] Getting sessions for all scopes...
2025-08-21 13:55:23.070 [info] Got 1 sessions for ...
2025-08-21 13:55:23.072 [info] Getting sessions for all scopes...
2025-08-21 13:55:23.072 [info] Got 1 sessions for ...
2025-08-21 13:55:23.120 [info] Getting sessions for all scopes...
2025-08-21 13:55:23.120 [info] Got 1 sessions for ...
2025-08-21 13:55:23.120 [info] Getting sessions for all scopes...
2025-08-21 13:55:23.120 [info] Got 1 sessions for ...
2025-08-21 13:55:23.327 [info] Getting sessions for all scopes...
2025-08-21 13:55:23.327 [info] Got 1 sessions for ...
2025-08-21 13:55:23.328 [info] Getting sessions for read:user,repo,user:email,workflow...
2025-08-21 13:55:23.328 [info] Got 0 sessions for read:user,repo,user:email,workflow...
2025-08-21 13:55:23.328 [info] Getting sessions for all scopes...
2025-08-21 13:55:23.328 [info] Got 1 sessions for ...
2025-08-21 13:55:23.328 [info] Getting sessions for read:user,repo,user:email,workflow...
2025-08-21 13:55:23.328 [info] Got 0 sessions for read:user,repo,user:email,workflow...
2025-08-21 13:55:23.328 [info] Getting sessions for user:email...
2025-08-21 13:55:23.328 [info] Got 1 sessions for user:email...
2025-08-21 13:55:23.328 [info] Getting sessions for read:user,repo,user:email,workflow...
2025-08-21 13:55:23.328 [info] Got 0 sessions for read:user,repo,user:email,workflow...
2025-08-21 13:55:23.328 [info] Getting sessions for read:user...
2025-08-21 13:55:23.328 [info] Got 0 sessions for read:user...
2025-08-21 13:55:23.329 [info] Getting sessions for all scopes...
2025-08-21 13:55:23.329 [info] Got 1 sessions for ...
2025-08-21 13:55:23.329 [info] Getting sessions for user:email...
2025-08-21 13:55:23.329 [info] Got 1 sessions for user:email...
2025-08-21 13:55:23.331 [info] Getting sessions for read:user,repo,user:email,workflow...
2025-08-21 13:55:23.331 [info] Got 0 sessions for read:user,repo,user:email,workflow...
2025-08-21 13:55:23.382 [info] Getting sessions for user:email...
2025-08-21 13:55:23.382 [info] Got 1 sessions for user:email...
2025-08-21 13:55:23.402 [info] Getting sessions for all scopes...
2025-08-21 13:55:23.402 [info] Got 1 sessions for ...
2025-08-21 13:55:23.403 [info] Getting sessions for read:user,repo,user:email,workflow...
2025-08-21 13:55:23.403 [info] Got 0 sessions for read:user,repo,user:email,workflow...
2025-08-21 13:55:23.403 [info] Getting sessions for user:email...
2025-08-21 13:55:23.403 [info] Got 1 sessions for user:email...
2025-08-21 13:55:23.510 [info] Getting sessions for all scopes...
2025-08-21 13:55:23.510 [info] Got 1 sessions for ...
2025-08-21 13:55:23.511 [info] Getting sessions for read:user,repo,user:email,workflow...
2025-08-21 13:55:23.511 [info] Got 0 sessions for read:user,repo,user:email,workflow...
2025-08-21 13:55:23.511 [info] Getting sessions for user:email...
2025-08-21 13:55:23.511 [info] Got 1 sessions for user:email...
2025-08-21 13:55:23.710 [info] Getting sessions for all scopes...
2025-08-21 13:55:23.710 [info] Got 1 sessions for ...
2025-08-21 13:55:23.711 [info] Getting sessions for read:user,repo,user:email,workflow...
2025-08-21 13:55:23.711 [info] Got 0 sessions for read:user,repo,user:email,workflow...
2025-08-21 13:55:23.711 [info] Getting sessions for user:email...
2025-08-21 13:55:23.711 [info] Got 1 sessions for user:email...
2025-08-21 13:55:24.183 [info] Getting sessions for all scopes...
2025-08-21 13:55:24.183 [info] Got 1 sessions for ...
2025-08-21 13:55:24.185 [info] Getting sessions for all scopes...
2025-08-21 13:55:24.185 [info] Got 1 sessions for ...
2025-08-21 13:55:24.185 [info] Getting sessions for all scopes...
2025-08-21 13:55:24.185 [info] Got 1 sessions for ...
2025-08-21 13:55:24.189 [info] Getting sessions for all scopes...
2025-08-21 13:55:24.189 [info] Got 1 sessions for ...
2025-08-21 13:55:24.294 [info] Getting sessions for all scopes...
2025-08-21 13:55:24.294 [info] Got 1 sessions for ...
2025-08-21 13:55:24.294 [info] Getting sessions for all scopes...
2025-08-21 13:55:24.294 [info] Got 1 sessions for ...
2025-08-21 13:55:24.304 [info] Getting sessions for read:user,repo,user:email,workflow...
2025-08-21 13:55:24.304 [info] Got 0 sessions for read:user,repo,user:email,workflow...
2025-08-21 13:55:24.304 [info] Getting sessions for user:email...
2025-08-21 13:55:24.304 [info] Got 1 sessions for user:email...
2025-08-21 13:55:24.304 [info] Getting sessions for read:user,repo,user:email,workflow...
2025-08-21 13:55:24.304 [info] Got 0 sessions for read:user,repo,user:email,workflow...
2025-08-21 13:55:24.305 [info] Getting sessions for all scopes...
2025-08-21 13:55:24.305 [info] Got 1 sessions for ...
2025-08-21 13:55:24.305 [info] Getting sessions for read:user,repo,user:email,workflow...
2025-08-21 13:55:24.305 [info] Got 0 sessions for read:user,repo,user:email,workflow...
2025-08-21 13:55:24.305 [info] Getting sessions for user:email...
2025-08-21 13:55:24.305 [info] Got 1 sessions for user:email...
2025-08-21 13:55:24.326 [info] Getting sessions for all scopes...
2025-08-21 13:55:24.326 [info] Got 1 sessions for ...
2025-08-21 13:55:24.327 [info] Getting sessions for all scopes...
2025-08-21 13:55:24.327 [info] Got 1 sessions for ...
2025-08-21 13:55:24.327 [info] Getting sessions for read:user,repo,user:email,workflow...
2025-08-21 13:55:24.327 [info] Got 0 sessions for read:user,repo,user:email,workflow...
2025-08-21 13:55:24.327 [info] Getting sessions for user:email...
2025-08-21 13:55:24.327 [info] Got 1 sessions for user:email...
2025-08-21 13:55:24.327 [info] Getting sessions for read:user,repo,user:email,workflow...
2025-08-21 13:55:24.327 [info] Got 0 sessions for read:user,repo,user:email,workflow...
2025-08-21 13:55:24.328 [info] Getting sessions for all scopes...
2025-08-21 13:55:24.328 [info] Got 1 sessions for ...
2025-08-21 13:55:24.328 [info] Getting sessions for all scopes...
2025-08-21 13:55:24.328 [info] Got 1 sessions for ...
2025-08-21 13:55:24.328 [info] Getting sessions for all scopes...
2025-08-21 13:55:24.328 [info] Got 1 sessions for ...
2025-08-21 13:55:24.329 [info] Getting sessions for read:user,repo,user:email,workflow...
2025-08-21 13:55:24.329 [info] Got 0 sessions for read:user,repo,user:email,workflow...
2025-08-21 13:55:24.329 [info] Getting sessions for user:email...
2025-08-21 13:55:24.329 [info] Got 1 sessions for user:email...
2025-08-21 13:55:24.925 [info] Getting sessions for all scopes...
2025-08-21 13:55:24.925 [info] Got 1 sessions for ...
2025-08-21 13:55:25.009 [info] Getting sessions for all scopes...
2025-08-21 13:55:25.010 [info] Got 1 sessions for ...
2025-08-21 13:55:25.010 [info] Getting sessions for read:user,repo,user:email,workflow...
2025-08-21 13:55:25.010 [info] Got 0 sessions for read:user,repo,user:email,workflow...
2025-08-21 13:55:25.010 [info] Getting sessions for user:email...
2025-08-21 13:55:25.010 [info] Got 1 sessions for user:email...
