2025-08-29 10:25:50.634 [info] [main] Log level: Info
2025-08-29 10:25:50.634 [info] [main] Validating found git in: "git"
2025-08-29 10:25:50.634 [info] [main] Using git "2.50.1" from "git"
2025-08-29 10:25:50.634 [info] [Model][doInitialScan] Initial repository scan started
2025-08-29 10:25:50.634 [info] > git rev-parse --show-toplevel [1ms]
2025-08-29 10:25:50.634 [info] fatal: not a git repository (or any parent up to mount point /)
Stopping at filesystem boundary (GIT_DISCOVERY_ACROSS_FILESYSTEM not set).
2025-08-29 10:25:50.635 [info] > git rev-parse --show-toplevel [1ms]
2025-08-29 10:25:50.635 [info] fatal: not a git repository (or any parent up to mount point /)
Stopping at filesystem boundary (GIT_DISCOVERY_ACROSS_FILESYSTEM not set).
2025-08-29 10:25:50.636 [info] [Model][doInitialScan] Initial repository scan completed - repositories (0), closed repositories (0), parent repositories (0), unsafe repositories (0)
2025-08-29 10:25:50.691 [info] > git rev-parse --show-toplevel [1ms]
2025-08-29 10:25:50.691 [info] fatal: not a git repository (or any parent up to mount point /)
Stopping at filesystem boundary (GIT_DISCOVERY_ACROSS_FILESYSTEM not set).
2025-08-29 10:25:50.717 [info] > git rev-parse --show-toplevel [0ms]
2025-08-29 10:25:50.717 [info] fatal: not a git repository (or any parent up to mount point /)
Stopping at filesystem boundary (GIT_DISCOVERY_ACROSS_FILESYSTEM not set).
2025-08-29 10:25:52.530 [info] > git rev-parse --show-toplevel [1ms]
2025-08-29 10:25:52.530 [info] fatal: not a git repository (or any parent up to mount point /)
Stopping at filesystem boundary (GIT_DISCOVERY_ACROSS_FILESYSTEM not set).
2025-08-29 10:26:37.030 [info] > git rev-parse --show-toplevel [0ms]
2025-08-29 10:26:37.031 [info] fatal: not a git repository (or any parent up to mount point /)
Stopping at filesystem boundary (GIT_DISCOVERY_ACROSS_FILESYSTEM not set).
2025-08-29 10:26:37.043 [info] > git rev-parse --show-toplevel [1ms]
2025-08-29 10:26:37.043 [info] fatal: not a git repository (or any parent up to mount point /)
Stopping at filesystem boundary (GIT_DISCOVERY_ACROSS_FILESYSTEM not set).
2025-08-29 10:26:37.051 [info] > git rev-parse --show-toplevel [1ms]
2025-08-29 10:26:37.051 [info] fatal: not a git repository (or any parent up to mount point /)
Stopping at filesystem boundary (GIT_DISCOVERY_ACROSS_FILESYSTEM not set).
2025-08-29 10:26:37.063 [info] > git rev-parse --show-toplevel [1ms]
2025-08-29 10:26:37.063 [info] fatal: not a git repository (or any parent up to mount point /)
Stopping at filesystem boundary (GIT_DISCOVERY_ACROSS_FILESYSTEM not set).
2025-08-29 10:26:37.072 [info] > git rev-parse --show-toplevel [1ms]
2025-08-29 10:26:37.072 [info] fatal: not a git repository (or any parent up to mount point /)
Stopping at filesystem boundary (GIT_DISCOVERY_ACROSS_FILESYSTEM not set).
2025-08-29 10:26:37.079 [info] > git rev-parse --show-toplevel [0ms]
2025-08-29 10:26:37.079 [info] fatal: not a git repository (or any parent up to mount point /)
Stopping at filesystem boundary (GIT_DISCOVERY_ACROSS_FILESYSTEM not set).
2025-08-29 10:26:37.085 [info] > git rev-parse --show-toplevel [0ms]
2025-08-29 10:26:37.086 [info] fatal: not a git repository (or any parent up to mount point /)
Stopping at filesystem boundary (GIT_DISCOVERY_ACROSS_FILESYSTEM not set).
2025-08-29 10:26:37.093 [info] > git rev-parse --show-toplevel [0ms]
2025-08-29 10:26:37.093 [info] fatal: not a git repository (or any parent up to mount point /)
Stopping at filesystem boundary (GIT_DISCOVERY_ACROSS_FILESYSTEM not set).
2025-08-29 10:26:37.101 [info] > git rev-parse --show-toplevel [0ms]
2025-08-29 10:26:37.101 [info] fatal: not a git repository (or any parent up to mount point /)
Stopping at filesystem boundary (GIT_DISCOVERY_ACROSS_FILESYSTEM not set).
2025-08-29 10:26:37.108 [info] > git rev-parse --show-toplevel [0ms]
2025-08-29 10:26:37.108 [info] fatal: not a git repository (or any parent up to mount point /)
Stopping at filesystem boundary (GIT_DISCOVERY_ACROSS_FILESYSTEM not set).
2025-08-29 10:26:37.115 [info] > git rev-parse --show-toplevel [0ms]
2025-08-29 10:26:37.116 [info] fatal: not a git repository (or any parent up to mount point /)
Stopping at filesystem boundary (GIT_DISCOVERY_ACROSS_FILESYSTEM not set).
2025-08-29 10:26:37.123 [info] > git rev-parse --show-toplevel [0ms]
2025-08-29 10:26:37.123 [info] fatal: not a git repository (or any parent up to mount point /)
Stopping at filesystem boundary (GIT_DISCOVERY_ACROSS_FILESYSTEM not set).
2025-08-29 10:26:37.131 [info] > git rev-parse --show-toplevel [1ms]
2025-08-29 10:26:37.131 [info] fatal: not a git repository (or any parent up to mount point /)
Stopping at filesystem boundary (GIT_DISCOVERY_ACROSS_FILESYSTEM not set).
2025-08-29 10:26:37.138 [info] > git rev-parse --show-toplevel [1ms]
2025-08-29 10:26:37.138 [info] fatal: not a git repository (or any parent up to mount point /)
Stopping at filesystem boundary (GIT_DISCOVERY_ACROSS_FILESYSTEM not set).
2025-08-29 10:26:37.147 [info] > git rev-parse --show-toplevel [1ms]
2025-08-29 10:26:37.147 [info] fatal: not a git repository (or any parent up to mount point /)
Stopping at filesystem boundary (GIT_DISCOVERY_ACROSS_FILESYSTEM not set).
2025-08-29 10:26:37.155 [info] > git rev-parse --show-toplevel [1ms]
2025-08-29 10:26:37.155 [info] fatal: not a git repository (or any parent up to mount point /)
Stopping at filesystem boundary (GIT_DISCOVERY_ACROSS_FILESYSTEM not set).
2025-08-29 10:26:37.163 [info] > git rev-parse --show-toplevel [1ms]
2025-08-29 10:26:37.163 [info] fatal: not a git repository (or any parent up to mount point /)
Stopping at filesystem boundary (GIT_DISCOVERY_ACROSS_FILESYSTEM not set).
2025-08-29 10:26:37.169 [info] > git rev-parse --show-toplevel [0ms]
2025-08-29 10:26:37.170 [info] fatal: not a git repository (or any parent up to mount point /)
Stopping at filesystem boundary (GIT_DISCOVERY_ACROSS_FILESYSTEM not set).
2025-08-29 10:26:37.176 [info] > git rev-parse --show-toplevel [0ms]
2025-08-29 10:26:37.176 [info] fatal: not a git repository (or any parent up to mount point /)
Stopping at filesystem boundary (GIT_DISCOVERY_ACROSS_FILESYSTEM not set).
2025-08-29 10:26:37.182 [info] > git rev-parse --show-toplevel [0ms]
2025-08-29 10:26:37.182 [info] fatal: not a git repository (or any parent up to mount point /)
Stopping at filesystem boundary (GIT_DISCOVERY_ACROSS_FILESYSTEM not set).
2025-08-29 10:26:41.148 [info] > git rev-parse --show-toplevel [1ms]
2025-08-29 10:26:41.148 [info] fatal: not a git repository (or any parent up to mount point /)
Stopping at filesystem boundary (GIT_DISCOVERY_ACROSS_FILESYSTEM not set).
2025-08-29 10:26:42.483 [info] > git rev-parse --show-toplevel [2ms]
2025-08-29 10:26:42.483 [info] fatal: not a git repository (or any parent up to mount point /)
Stopping at filesystem boundary (GIT_DISCOVERY_ACROSS_FILESYSTEM not set).
2025-08-29 10:26:54.694 [info] > git rev-parse --show-toplevel [2ms]
2025-08-29 10:26:54.694 [info] fatal: not a git repository (or any parent up to mount point /)
Stopping at filesystem boundary (GIT_DISCOVERY_ACROSS_FILESYSTEM not set).
2025-08-29 10:27:06.698 [info] > git rev-parse --show-toplevel [18ms]
2025-08-29 10:27:06.698 [info] fatal: not a git repository (or any parent up to mount point /)
Stopping at filesystem boundary (GIT_DISCOVERY_ACROSS_FILESYSTEM not set).
2025-08-29 10:27:44.489 [info] > git rev-parse --show-toplevel [1ms]
2025-08-29 10:27:44.489 [info] fatal: not a git repository (or any parent up to mount point /)
Stopping at filesystem boundary (GIT_DISCOVERY_ACROSS_FILESYSTEM not set).
2025-08-29 10:34:23.333 [info] > git rev-parse --show-toplevel [1ms]
2025-08-29 10:34:23.333 [info] fatal: not a git repository (or any parent up to mount point /)
Stopping at filesystem boundary (GIT_DISCOVERY_ACROSS_FILESYSTEM not set).
