2025-08-21 13:56:00.447 [info] Reading sessions from keychain...
2025-08-21 13:56:00.447 [info] Getting sessions for all scopes...
2025-08-21 13:56:00.447 [info] Got stored sessions!
2025-08-21 13:56:00.447 [info] Got 1 verified sessions.
2025-08-21 13:56:00.447 [info] Got 1 sessions for ...
2025-08-21 13:56:00.447 [info] Getting sessions for all scopes...
2025-08-21 13:56:00.447 [info] Got 1 sessions for ...
2025-08-21 13:56:00.447 [info] Getting sessions for all scopes...
2025-08-21 13:56:00.447 [info] Got 1 sessions for ...
2025-08-21 13:56:00.481 [info] Getting sessions for all scopes...
2025-08-21 13:56:00.481 [info] Got 1 sessions for ...
2025-08-21 13:56:00.481 [info] Getting sessions for all scopes...
2025-08-21 13:56:00.481 [info] Got 1 sessions for ...
2025-08-21 13:56:00.481 [info] Getting sessions for all scopes...
2025-08-21 13:56:00.481 [info] Got 1 sessions for ...
2025-08-21 13:56:00.481 [info] Getting sessions for all scopes...
2025-08-21 13:56:00.481 [info] Got 1 sessions for ...
2025-08-21 13:56:00.482 [info] Getting sessions for all scopes...
2025-08-21 13:56:00.482 [info] Got 1 sessions for ...
2025-08-21 13:56:00.483 [info] Getting sessions for all scopes...
2025-08-21 13:56:00.483 [info] Got 1 sessions for ...
2025-08-21 13:56:00.504 [info] Getting sessions for all scopes...
2025-08-21 13:56:00.504 [info] Got 1 sessions for ...
2025-08-21 13:56:00.504 [info] Getting sessions for all scopes...
2025-08-21 13:56:00.504 [info] Got 1 sessions for ...
2025-08-21 13:56:00.504 [info] Getting sessions for all scopes...
2025-08-21 13:56:00.504 [info] Got 1 sessions for ...
2025-08-21 13:56:00.504 [info] Getting sessions for all scopes...
2025-08-21 13:56:00.504 [info] Got 1 sessions for ...
2025-08-21 13:56:00.504 [info] Getting sessions for all scopes...
2025-08-21 13:56:00.504 [info] Got 1 sessions for ...
2025-08-21 13:56:00.551 [info] Getting sessions for all scopes...
2025-08-21 13:56:00.551 [info] Got 1 sessions for ...
2025-08-21 13:56:00.580 [info] Getting sessions for all scopes...
2025-08-21 13:56:00.580 [info] Got 1 sessions for ...
2025-08-21 13:56:01.529 [info] Getting sessions for all scopes...
2025-08-21 13:56:01.529 [info] Got 1 sessions for ...
2025-08-21 13:56:01.591 [info] Getting sessions for all scopes...
2025-08-21 13:56:01.591 [info] Got 1 sessions for ...
2025-08-21 13:56:01.591 [info] Getting sessions for all scopes...
2025-08-21 13:56:01.591 [info] Got 1 sessions for ...
2025-08-21 13:56:01.668 [info] Getting sessions for read:user,repo,user:email,workflow...
2025-08-21 13:56:01.668 [info] Got 0 sessions for read:user,repo,user:email,workflow...
2025-08-21 13:56:01.787 [info] Getting sessions for all scopes...
2025-08-21 13:56:01.787 [info] Got 1 sessions for ...
2025-08-21 13:56:01.788 [info] Getting sessions for all scopes...
2025-08-21 13:56:01.788 [info] Got 1 sessions for ...
2025-08-21 13:56:01.788 [info] Getting sessions for read:user,repo,user:email,workflow...
2025-08-21 13:56:01.788 [info] Got 0 sessions for read:user,repo,user:email,workflow...
2025-08-21 13:56:01.788 [info] Getting sessions for user:email...
2025-08-21 13:56:01.788 [info] Got 1 sessions for user:email...
2025-08-21 13:56:01.788 [info] Getting sessions for read:user,repo,user:email,workflow...
2025-08-21 13:56:01.788 [info] Got 0 sessions for read:user,repo,user:email,workflow...
2025-08-21 13:56:01.789 [info] Getting sessions for read:user...
2025-08-21 13:56:01.789 [info] Got 0 sessions for read:user...
2025-08-21 13:56:01.789 [info] Getting sessions for all scopes...
2025-08-21 13:56:01.789 [info] Got 1 sessions for ...
2025-08-21 13:56:01.797 [info] Getting sessions for user:email...
2025-08-21 13:56:01.797 [info] Got 1 sessions for user:email...
2025-08-21 13:56:01.797 [info] Getting sessions for read:user,repo,user:email,workflow...
2025-08-21 13:56:01.797 [info] Got 0 sessions for read:user,repo,user:email,workflow...
2025-08-21 13:56:01.799 [info] Getting sessions for user:email...
2025-08-21 13:56:01.799 [info] Got 1 sessions for user:email...
2025-08-21 13:56:01.800 [info] Getting sessions for all scopes...
2025-08-21 13:56:01.800 [info] Got 1 sessions for ...
2025-08-21 13:56:01.863 [info] Getting sessions for read:user,repo,user:email,workflow...
2025-08-21 13:56:01.863 [info] Got 0 sessions for read:user,repo,user:email,workflow...
2025-08-21 13:56:01.864 [info] Getting sessions for user:email...
2025-08-21 13:56:01.864 [info] Got 1 sessions for user:email...
2025-08-21 13:56:01.997 [info] Getting sessions for all scopes...
2025-08-21 13:56:01.997 [info] Got 1 sessions for ...
2025-08-21 13:56:01.998 [info] Getting sessions for read:user,repo,user:email,workflow...
2025-08-21 13:56:01.998 [info] Got 0 sessions for read:user,repo,user:email,workflow...
2025-08-21 13:56:01.998 [info] Getting sessions for user:email...
2025-08-21 13:56:01.998 [info] Got 1 sessions for user:email...
2025-08-21 13:56:02.239 [info] Getting sessions for all scopes...
2025-08-21 13:56:02.239 [info] Got 1 sessions for ...
2025-08-21 13:56:02.240 [info] Getting sessions for read:user,repo,user:email,workflow...
2025-08-21 13:56:02.240 [info] Got 0 sessions for read:user,repo,user:email,workflow...
2025-08-21 13:56:02.240 [info] Getting sessions for user:email...
2025-08-21 13:56:02.240 [info] Got 1 sessions for user:email...
2025-08-21 13:56:02.554 [info] Getting sessions for all scopes...
2025-08-21 13:56:02.554 [info] Got 1 sessions for ...
2025-08-21 13:56:02.554 [info] Getting sessions for all scopes...
2025-08-21 13:56:02.554 [info] Got 1 sessions for ...
2025-08-21 13:56:02.554 [info] Getting sessions for all scopes...
2025-08-21 13:56:02.554 [info] Got 1 sessions for ...
2025-08-21 13:56:02.601 [info] Getting sessions for all scopes...
2025-08-21 13:56:02.601 [info] Got 1 sessions for ...
2025-08-21 13:56:02.715 [info] Getting sessions for all scopes...
2025-08-21 13:56:02.715 [info] Got 1 sessions for ...
2025-08-21 13:56:02.715 [info] Getting sessions for all scopes...
2025-08-21 13:56:02.715 [info] Got 1 sessions for ...
2025-08-21 13:56:02.737 [info] Getting sessions for read:user,repo,user:email,workflow...
2025-08-21 13:56:02.737 [info] Got 0 sessions for read:user,repo,user:email,workflow...
2025-08-21 13:56:02.737 [info] Getting sessions for user:email...
2025-08-21 13:56:02.737 [info] Got 1 sessions for user:email...
2025-08-21 13:56:02.737 [info] Getting sessions for read:user,repo,user:email,workflow...
2025-08-21 13:56:02.737 [info] Got 0 sessions for read:user,repo,user:email,workflow...
2025-08-21 13:56:02.738 [info] Getting sessions for all scopes...
2025-08-21 13:56:02.738 [info] Got 1 sessions for ...
2025-08-21 13:56:02.738 [info] Getting sessions for read:user,repo,user:email,workflow...
2025-08-21 13:56:02.738 [info] Got 0 sessions for read:user,repo,user:email,workflow...
2025-08-21 13:56:02.738 [info] Getting sessions for user:email...
2025-08-21 13:56:02.738 [info] Got 1 sessions for user:email...
2025-08-21 13:56:02.760 [info] Getting sessions for all scopes...
2025-08-21 13:56:02.760 [info] Got 1 sessions for ...
2025-08-21 13:56:02.761 [info] Getting sessions for all scopes...
2025-08-21 13:56:02.761 [info] Got 1 sessions for ...
2025-08-21 13:56:02.761 [info] Getting sessions for read:user,repo,user:email,workflow...
2025-08-21 13:56:02.761 [info] Got 0 sessions for read:user,repo,user:email,workflow...
2025-08-21 13:56:02.761 [info] Getting sessions for user:email...
2025-08-21 13:56:02.761 [info] Got 1 sessions for user:email...
2025-08-21 13:56:02.761 [info] Getting sessions for read:user,repo,user:email,workflow...
2025-08-21 13:56:02.761 [info] Got 0 sessions for read:user,repo,user:email,workflow...
2025-08-21 13:56:02.762 [info] Getting sessions for all scopes...
2025-08-21 13:56:02.762 [info] Got 1 sessions for ...
2025-08-21 13:56:02.763 [info] Getting sessions for all scopes...
2025-08-21 13:56:02.763 [info] Got 1 sessions for ...
2025-08-21 13:56:02.763 [info] Getting sessions for all scopes...
2025-08-21 13:56:02.763 [info] Got 1 sessions for ...
2025-08-21 13:56:02.763 [info] Getting sessions for read:user,repo,user:email,workflow...
2025-08-21 13:56:02.763 [info] Got 0 sessions for read:user,repo,user:email,workflow...
2025-08-21 13:56:02.763 [info] Getting sessions for user:email...
2025-08-21 13:56:02.763 [info] Got 1 sessions for user:email...
2025-08-21 13:56:03.378 [info] Getting sessions for all scopes...
2025-08-21 13:56:03.378 [info] Got 1 sessions for ...
2025-08-21 13:56:03.466 [info] Getting sessions for all scopes...
2025-08-21 13:56:03.466 [info] Got 1 sessions for ...
2025-08-21 13:56:03.466 [info] Getting sessions for read:user,repo,user:email,workflow...
2025-08-21 13:56:03.466 [info] Got 0 sessions for read:user,repo,user:email,workflow...
2025-08-21 13:56:03.466 [info] Getting sessions for user:email...
2025-08-21 13:56:03.466 [info] Got 1 sessions for user:email...
2025-08-21 13:59:19.762 [info] Getting sessions for all scopes...
2025-08-21 13:59:19.762 [info] Got 1 sessions for ...
2025-08-21 13:59:19.762 [info] Getting sessions for read:user,repo,user:email,workflow...
2025-08-21 13:59:19.762 [info] Got 0 sessions for read:user,repo,user:email,workflow...
2025-08-21 13:59:19.762 [info] Getting sessions for user:email...
2025-08-21 13:59:19.762 [info] Got 1 sessions for user:email...
2025-08-21 14:00:58.982 [info] Getting sessions for all scopes...
2025-08-21 14:00:58.983 [info] Got 1 sessions for ...
2025-08-21 14:00:58.987 [info] Getting sessions for read:user,repo,user:email,workflow...
2025-08-21 14:00:58.987 [info] Got 0 sessions for read:user,repo,user:email,workflow...
2025-08-21 14:00:58.989 [info] Getting sessions for user:email...
2025-08-21 14:00:58.989 [info] Got 1 sessions for user:email...
