2025-08-21 13:55:22.095 [info] [main] Log level: Info
2025-08-21 13:55:22.095 [info] [main] Validating found git in: "git"
2025-08-21 13:55:22.095 [info] [main] Using git "2.50.1" from "git"
2025-08-21 13:55:22.095 [info] [Model][doInitialScan] Initial repository scan started
2025-08-21 13:55:22.095 [info] > git rev-parse --show-toplevel [3ms]
2025-08-21 13:55:22.095 [info] fatal: not a git repository (or any parent up to mount point /)
Stopping at filesystem boundary (GIT_DISCOVERY_ACROSS_FILESYSTEM not set).
2025-08-21 13:55:22.095 [info] > git rev-parse --show-toplevel [1ms]
2025-08-21 13:55:22.095 [info] fatal: not a git repository (or any parent up to mount point /)
Stopping at filesystem boundary (GIT_DISCOVERY_ACROSS_FILESYSTEM not set).
2025-08-21 13:55:22.095 [info] > git rev-parse --show-toplevel [0ms]
2025-08-21 13:55:22.095 [info] fatal: not a git repository (or any parent up to mount point /)
Stopping at filesystem boundary (GIT_DISCOVERY_ACROSS_FILESYSTEM not set).
2025-08-21 13:55:22.095 [info] > git rev-parse --show-toplevel [1ms]
2025-08-21 13:55:22.095 [info] fatal: not a git repository (or any parent up to mount point /)
Stopping at filesystem boundary (GIT_DISCOVERY_ACROSS_FILESYSTEM not set).
2025-08-21 13:55:22.095 [info] > git rev-parse --show-toplevel [1ms]
2025-08-21 13:55:22.095 [info] fatal: not a git repository (or any parent up to mount point /)
Stopping at filesystem boundary (GIT_DISCOVERY_ACROSS_FILESYSTEM not set).
2025-08-21 13:55:22.095 [info] [Model][doInitialScan] Initial repository scan completed - repositories (0), closed repositories (0), parent repositories (0), unsafe repositories (0)
2025-08-21 13:55:23.120 [info] > git rev-parse --show-toplevel [25ms]
2025-08-21 13:55:23.120 [info] fatal: not a git repository (or any parent up to mount point /)
Stopping at filesystem boundary (GIT_DISCOVERY_ACROSS_FILESYSTEM not set).
2025-08-21 13:55:23.188 [info] > git rev-parse --show-toplevel [62ms]
2025-08-21 13:55:23.188 [info] fatal: not a git repository (or any parent up to mount point /)
Stopping at filesystem boundary (GIT_DISCOVERY_ACROSS_FILESYSTEM not set).
2025-08-21 13:55:23.322 [info] > git rev-parse --show-toplevel [120ms]
2025-08-21 13:55:23.322 [info] fatal: not a git repository (or any parent up to mount point /)
Stopping at filesystem boundary (GIT_DISCOVERY_ACROSS_FILESYSTEM not set).
2025-08-21 13:55:24.141 [info] > git rev-parse --show-toplevel [6ms]
2025-08-21 13:55:24.141 [info] fatal: not a git repository (or any parent up to mount point /)
Stopping at filesystem boundary (GIT_DISCOVERY_ACROSS_FILESYSTEM not set).
