2025-09-20 16:49:38.138 [info] Reading sessions from keychain...
2025-09-20 16:49:38.138 [info] Getting sessions for all scopes...
2025-09-20 16:49:38.138 [info] Got stored sessions!
2025-09-20 16:49:38.138 [info] Got 1 verified sessions.
2025-09-20 16:49:38.138 [info] Got 1 sessions for ...
2025-09-20 16:49:38.138 [info] Getting sessions for all scopes...
2025-09-20 16:49:38.138 [info] Got 1 sessions for ...
2025-09-20 16:49:38.138 [info] Getting sessions for all scopes...
2025-09-20 16:49:38.138 [info] Got 1 sessions for ...
2025-09-20 16:49:38.138 [info] Getting sessions for all scopes...
2025-09-20 16:49:38.138 [info] Got 1 sessions for ...
2025-09-20 16:49:38.138 [info] Getting sessions for all scopes...
2025-09-20 16:49:38.138 [info] Got 1 sessions for ...
2025-09-20 16:49:38.138 [info] Getting sessions for all scopes...
2025-09-20 16:49:38.138 [info] Got 1 sessions for ...
2025-09-20 16:49:38.138 [info] Getting sessions for all scopes...
2025-09-20 16:49:38.138 [info] Got 1 sessions for ...
2025-09-20 16:49:38.160 [info] Getting sessions for all scopes...
2025-09-20 16:49:38.160 [info] Got 1 sessions for ...
2025-09-20 16:49:38.160 [info] Getting sessions for all scopes...
2025-09-20 16:49:38.160 [info] Got 1 sessions for ...
2025-09-20 16:49:38.160 [info] Getting sessions for all scopes...
2025-09-20 16:49:38.160 [info] Got 1 sessions for ...
2025-09-20 16:49:38.161 [info] Getting sessions for all scopes...
2025-09-20 16:49:38.161 [info] Got 1 sessions for ...
2025-09-20 16:49:38.161 [info] Getting sessions for all scopes...
2025-09-20 16:49:38.161 [info] Got 1 sessions for ...
2025-09-20 16:49:38.161 [info] Getting sessions for all scopes...
2025-09-20 16:49:38.161 [info] Got 1 sessions for ...
2025-09-20 16:49:38.244 [info] Getting sessions for all scopes...
2025-09-20 16:49:38.244 [info] Got 1 sessions for ...
2025-09-20 16:49:39.306 [info] Getting sessions for all scopes...
2025-09-20 16:49:39.306 [info] Got 1 sessions for ...
2025-09-20 16:49:39.308 [info] Getting sessions for all scopes...
2025-09-20 16:49:39.308 [info] Got 1 sessions for ...
2025-09-20 16:49:39.310 [info] Getting sessions for all scopes...
2025-09-20 16:49:39.310 [info] Got 1 sessions for ...
2025-09-20 16:49:39.347 [info] Getting sessions for all scopes...
2025-09-20 16:49:39.347 [info] Got 1 sessions for ...
2025-09-20 16:49:39.347 [info] Getting sessions for all scopes...
2025-09-20 16:49:39.347 [info] Got 1 sessions for ...
2025-09-20 16:49:39.573 [info] Getting sessions for read:user,repo,user:email,workflow...
2025-09-20 16:49:39.573 [info] Got 0 sessions for read:user,repo,user:email,workflow...
2025-09-20 16:49:39.574 [info] Getting sessions for all scopes...
2025-09-20 16:49:39.574 [info] Got 1 sessions for ...
2025-09-20 16:49:39.575 [info] Getting sessions for all scopes...
2025-09-20 16:49:39.575 [info] Got 1 sessions for ...
2025-09-20 16:49:39.575 [info] Getting sessions for read:user,repo,user:email,workflow...
2025-09-20 16:49:39.575 [info] Got 0 sessions for read:user,repo,user:email,workflow...
2025-09-20 16:49:39.576 [info] Getting sessions for user:email...
2025-09-20 16:49:39.576 [info] Got 1 sessions for user:email...
2025-09-20 16:49:39.576 [info] Getting sessions for read:user,repo,user:email,workflow...
2025-09-20 16:49:39.576 [info] Got 0 sessions for read:user,repo,user:email,workflow...
2025-09-20 16:49:39.577 [info] Getting sessions for read:user...
2025-09-20 16:49:39.577 [info] Got 0 sessions for read:user...
2025-09-20 16:49:39.577 [info] Getting sessions for all scopes...
2025-09-20 16:49:39.577 [info] Got 1 sessions for ...
2025-09-20 16:49:39.577 [info] Getting sessions for user:email...
2025-09-20 16:49:39.577 [info] Got 1 sessions for user:email...
2025-09-20 16:49:39.579 [info] Getting sessions for read:user,repo,user:email,workflow...
2025-09-20 16:49:39.579 [info] Got 0 sessions for read:user,repo,user:email,workflow...
2025-09-20 16:49:39.581 [info] Getting sessions for user:email...
2025-09-20 16:49:39.581 [info] Got 1 sessions for user:email...
2025-09-20 16:49:39.637 [info] Getting sessions for all scopes...
2025-09-20 16:49:39.637 [info] Got 1 sessions for ...
2025-09-20 16:49:39.637 [info] Getting sessions for read:user,repo,user:email,workflow...
2025-09-20 16:49:39.637 [info] Got 0 sessions for read:user,repo,user:email,workflow...
2025-09-20 16:49:39.638 [info] Getting sessions for user:email...
2025-09-20 16:49:39.638 [info] Got 1 sessions for user:email...
2025-09-20 16:49:39.773 [info] Getting sessions for all scopes...
2025-09-20 16:49:39.773 [info] Got 1 sessions for ...
2025-09-20 16:49:39.773 [info] Getting sessions for read:user,repo,user:email,workflow...
2025-09-20 16:49:39.773 [info] Got 0 sessions for read:user,repo,user:email,workflow...
2025-09-20 16:49:39.774 [info] Getting sessions for user:email...
2025-09-20 16:49:39.774 [info] Got 1 sessions for user:email...
2025-09-20 16:49:39.940 [info] Getting sessions for all scopes...
2025-09-20 16:49:39.940 [info] Got 1 sessions for ...
2025-09-20 16:49:39.940 [info] Getting sessions for read:user,repo,user:email,workflow...
2025-09-20 16:49:39.940 [info] Got 0 sessions for read:user,repo,user:email,workflow...
2025-09-20 16:49:39.940 [info] Getting sessions for user:email...
2025-09-20 16:49:39.940 [info] Got 1 sessions for user:email...
2025-09-20 16:49:40.336 [info] Getting sessions for all scopes...
2025-09-20 16:49:40.336 [info] Got 1 sessions for ...
2025-09-20 16:49:40.337 [info] Getting sessions for all scopes...
2025-09-20 16:49:40.337 [info] Got 1 sessions for ...
2025-09-20 16:49:40.339 [info] Getting sessions for all scopes...
2025-09-20 16:49:40.339 [info] Got 1 sessions for ...
2025-09-20 16:49:40.360 [info] Getting sessions for all scopes...
2025-09-20 16:49:40.360 [info] Got 1 sessions for ...
2025-09-20 16:49:40.360 [info] Getting sessions for all scopes...
2025-09-20 16:49:40.360 [info] Got 1 sessions for ...
2025-09-20 16:49:40.366 [info] Getting sessions for read:user,repo,user:email,workflow...
2025-09-20 16:49:40.366 [info] Got 0 sessions for read:user,repo,user:email,workflow...
2025-09-20 16:49:40.366 [info] Getting sessions for user:email...
2025-09-20 16:49:40.366 [info] Got 1 sessions for user:email...
2025-09-20 16:49:40.366 [info] Getting sessions for read:user,repo,user:email,workflow...
2025-09-20 16:49:40.366 [info] Got 0 sessions for read:user,repo,user:email,workflow...
2025-09-20 16:49:40.367 [info] Getting sessions for all scopes...
2025-09-20 16:49:40.367 [info] Got 1 sessions for ...
2025-09-20 16:49:40.367 [info] Getting sessions for read:user,repo,user:email,workflow...
2025-09-20 16:49:40.367 [info] Got 0 sessions for read:user,repo,user:email,workflow...
2025-09-20 16:49:40.367 [info] Getting sessions for user:email...
2025-09-20 16:49:40.367 [info] Got 1 sessions for user:email...
2025-09-20 16:49:40.393 [info] Getting sessions for all scopes...
2025-09-20 16:49:40.393 [info] Got 1 sessions for ...
2025-09-20 16:49:40.395 [info] Getting sessions for all scopes...
2025-09-20 16:49:40.395 [info] Got 1 sessions for ...
2025-09-20 16:49:40.395 [info] Getting sessions for all scopes...
2025-09-20 16:49:40.395 [info] Got 1 sessions for ...
2025-09-20 16:49:40.395 [info] Getting sessions for read:user,repo,user:email,workflow...
2025-09-20 16:49:40.395 [info] Got 0 sessions for read:user,repo,user:email,workflow...
2025-09-20 16:49:40.395 [info] Getting sessions for user:email...
2025-09-20 16:49:40.395 [info] Got 1 sessions for user:email...
2025-09-20 16:49:40.395 [info] Getting sessions for read:user,repo,user:email,workflow...
2025-09-20 16:49:40.395 [info] Got 0 sessions for read:user,repo,user:email,workflow...
2025-09-20 16:49:40.396 [info] Getting sessions for all scopes...
2025-09-20 16:49:40.396 [info] Got 1 sessions for ...
2025-09-20 16:49:40.397 [info] Getting sessions for all scopes...
2025-09-20 16:49:40.397 [info] Got 1 sessions for ...
2025-09-20 16:49:40.397 [info] Getting sessions for all scopes...
2025-09-20 16:49:40.397 [info] Got 1 sessions for ...
2025-09-20 16:49:40.397 [info] Getting sessions for read:user,repo,user:email,workflow...
2025-09-20 16:49:40.397 [info] Got 0 sessions for read:user,repo,user:email,workflow...
2025-09-20 16:49:40.397 [info] Getting sessions for user:email...
2025-09-20 16:49:40.397 [info] Got 1 sessions for user:email...
2025-09-20 16:49:40.996 [info] Getting sessions for all scopes...
2025-09-20 16:49:40.996 [info] Got 1 sessions for ...
2025-09-20 16:49:41.089 [info] Getting sessions for all scopes...
2025-09-20 16:49:41.089 [info] Got 1 sessions for ...
2025-09-20 16:49:41.089 [info] Getting sessions for read:user,repo,user:email,workflow...
2025-09-20 16:49:41.089 [info] Got 0 sessions for read:user,repo,user:email,workflow...
2025-09-20 16:49:41.090 [info] Getting sessions for user:email...
2025-09-20 16:49:41.090 [info] Got 1 sessions for user:email...
2025-09-20 16:49:45.853 [info] Getting sessions for all scopes...
2025-09-20 16:49:45.853 [info] Got 1 sessions for ...
2025-09-20 16:49:45.853 [info] Getting sessions for read:user,repo,user:email,workflow...
2025-09-20 16:49:45.853 [info] Got 0 sessions for read:user,repo,user:email,workflow...
2025-09-20 16:49:45.854 [info] Getting sessions for user:email...
2025-09-20 16:49:45.854 [info] Got 1 sessions for user:email...
2025-09-20 16:49:46.360 [info] Getting sessions for all scopes...
2025-09-20 16:49:46.360 [info] Got 1 sessions for ...
2025-09-20 16:49:46.361 [info] Getting sessions for read:user,repo,user:email,workflow...
2025-09-20 16:49:46.361 [info] Got 0 sessions for read:user,repo,user:email,workflow...
2025-09-20 16:49:46.361 [info] Getting sessions for user:email...
2025-09-20 16:49:46.361 [info] Got 1 sessions for user:email...
2025-09-20 16:49:46.849 [info] Getting sessions for all scopes...
2025-09-20 16:49:46.849 [info] Got 1 sessions for ...
2025-09-20 16:49:46.850 [info] Getting sessions for read:user,repo,user:email,workflow...
2025-09-20 16:49:46.850 [info] Got 0 sessions for read:user,repo,user:email,workflow...
2025-09-20 16:49:46.850 [info] Getting sessions for user:email...
2025-09-20 16:49:46.850 [info] Got 1 sessions for user:email...
2025-09-20 16:50:34.149 [info] Getting sessions for all scopes...
2025-09-20 16:50:34.149 [info] Got 1 sessions for ...
2025-09-20 16:50:34.150 [info] Getting sessions for read:user,repo,user:email,workflow...
2025-09-20 16:50:34.150 [info] Got 0 sessions for read:user,repo,user:email,workflow...
2025-09-20 16:50:34.150 [info] Getting sessions for user:email...
2025-09-20 16:50:34.150 [info] Got 1 sessions for user:email...
2025-09-20 16:50:35.810 [info] Getting sessions for all scopes...
2025-09-20 16:50:35.810 [info] Got 1 sessions for ...
2025-09-20 16:50:35.811 [info] Getting sessions for read:user,repo,user:email,workflow...
2025-09-20 16:50:35.811 [info] Got 0 sessions for read:user,repo,user:email,workflow...
2025-09-20 16:50:35.811 [info] Getting sessions for user:email...
2025-09-20 16:50:35.811 [info] Got 1 sessions for user:email...
2025-09-20 16:50:36.788 [info] Getting sessions for all scopes...
2025-09-20 16:50:36.788 [info] Got 1 sessions for ...
2025-09-20 16:50:36.788 [info] Getting sessions for read:user,repo,user:email,workflow...
2025-09-20 16:50:36.788 [info] Got 0 sessions for read:user,repo,user:email,workflow...
2025-09-20 16:50:36.788 [info] Getting sessions for user:email...
2025-09-20 16:50:36.788 [info] Got 1 sessions for user:email...
2025-09-20 16:50:41.698 [info] Getting sessions for all scopes...
2025-09-20 16:50:41.698 [info] Got 1 sessions for ...
2025-09-20 16:50:41.698 [info] Getting sessions for read:user,repo,user:email,workflow...
2025-09-20 16:50:41.698 [info] Got 0 sessions for read:user,repo,user:email,workflow...
2025-09-20 16:50:41.698 [info] Getting sessions for user:email...
2025-09-20 16:50:41.698 [info] Got 1 sessions for user:email...
