2025-08-21 19:56:24.175 [info] Reading sessions from keychain...
2025-08-21 19:56:24.175 [info] Getting sessions for all scopes...
2025-08-21 19:56:24.175 [info] Got stored sessions!
2025-08-21 19:56:24.175 [info] Got 1 verified sessions.
2025-08-21 19:56:24.175 [info] Got 1 sessions for ...
2025-08-21 19:56:24.175 [info] Getting sessions for all scopes...
2025-08-21 19:56:24.175 [info] Got 1 sessions for ...
2025-08-21 19:56:24.175 [info] Getting sessions for all scopes...
2025-08-21 19:56:24.175 [info] Got 1 sessions for ...
2025-08-21 19:56:24.175 [info] Getting sessions for all scopes...
2025-08-21 19:56:24.175 [info] Got 1 sessions for ...
2025-08-21 19:56:24.175 [info] Getting sessions for all scopes...
2025-08-21 19:56:24.175 [info] Got 1 sessions for ...
2025-08-21 19:56:24.175 [info] Getting sessions for all scopes...
2025-08-21 19:56:24.175 [info] Got 1 sessions for ...
2025-08-21 19:56:24.175 [info] Getting sessions for all scopes...
2025-08-21 19:56:24.175 [info] Got 1 sessions for ...
2025-08-21 19:56:24.175 [info] Getting sessions for all scopes...
2025-08-21 19:56:24.175 [info] Got 1 sessions for ...
2025-08-21 19:56:24.175 [info] Getting sessions for all scopes...
2025-08-21 19:56:24.175 [info] Got 1 sessions for ...
2025-08-21 19:56:24.175 [info] Getting sessions for all scopes...
2025-08-21 19:56:24.175 [info] Got 1 sessions for ...
2025-08-21 19:56:24.175 [info] Getting sessions for all scopes...
2025-08-21 19:56:24.175 [info] Got 1 sessions for ...
2025-08-21 19:56:24.175 [info] Getting sessions for all scopes...
2025-08-21 19:56:24.175 [info] Got 1 sessions for ...
2025-08-21 19:56:24.175 [info] Getting sessions for all scopes...
2025-08-21 19:56:24.175 [info] Got 1 sessions for ...
2025-08-21 19:56:24.240 [info] Getting sessions for all scopes...
2025-08-21 19:56:24.240 [info] Got 1 sessions for ...
2025-08-21 19:56:25.378 [info] Getting sessions for all scopes...
2025-08-21 19:56:25.378 [info] Got 1 sessions for ...
2025-08-21 19:56:25.393 [info] Getting sessions for all scopes...
2025-08-21 19:56:25.393 [info] Got 1 sessions for ...
2025-08-21 19:56:25.395 [info] Getting sessions for all scopes...
2025-08-21 19:56:25.395 [info] Got 1 sessions for ...
2025-08-21 19:56:25.448 [info] Getting sessions for all scopes...
2025-08-21 19:56:25.448 [info] Got 1 sessions for ...
2025-08-21 19:56:25.448 [info] Getting sessions for all scopes...
2025-08-21 19:56:25.448 [info] Got 1 sessions for ...
2025-08-21 19:56:25.661 [info] Getting sessions for read:user,repo,user:email,workflow...
2025-08-21 19:56:25.661 [info] Got 0 sessions for read:user,repo,user:email,workflow...
2025-08-21 19:56:25.666 [info] Getting sessions for all scopes...
2025-08-21 19:56:25.666 [info] Got 1 sessions for ...
2025-08-21 19:56:25.667 [info] Getting sessions for all scopes...
2025-08-21 19:56:25.667 [info] Got 1 sessions for ...
2025-08-21 19:56:25.667 [info] Getting sessions for read:user,repo,user:email,workflow...
2025-08-21 19:56:25.667 [info] Got 0 sessions for read:user,repo,user:email,workflow...
2025-08-21 19:56:25.667 [info] Getting sessions for user:email...
2025-08-21 19:56:25.667 [info] Got 1 sessions for user:email...
2025-08-21 19:56:25.667 [info] Getting sessions for read:user,repo,user:email,workflow...
2025-08-21 19:56:25.667 [info] Got 0 sessions for read:user,repo,user:email,workflow...
2025-08-21 19:56:25.668 [info] Getting sessions for read:user...
2025-08-21 19:56:25.668 [info] Got 0 sessions for read:user...
2025-08-21 19:56:25.668 [info] Getting sessions for all scopes...
2025-08-21 19:56:25.668 [info] Got 1 sessions for ...
2025-08-21 19:56:25.668 [info] Getting sessions for user:email...
2025-08-21 19:56:25.668 [info] Got 1 sessions for user:email...
2025-08-21 19:56:25.669 [info] Getting sessions for read:user,repo,user:email,workflow...
2025-08-21 19:56:25.669 [info] Got 0 sessions for read:user,repo,user:email,workflow...
2025-08-21 19:56:25.670 [info] Getting sessions for user:email...
2025-08-21 19:56:25.670 [info] Got 1 sessions for user:email...
2025-08-21 19:56:25.670 [info] Getting sessions for all scopes...
2025-08-21 19:56:25.670 [info] Got 1 sessions for ...
2025-08-21 19:56:25.670 [info] Getting sessions for read:user,repo,user:email,workflow...
2025-08-21 19:56:25.670 [info] Got 0 sessions for read:user,repo,user:email,workflow...
2025-08-21 19:56:25.671 [info] Getting sessions for user:email...
2025-08-21 19:56:25.671 [info] Got 1 sessions for user:email...
2025-08-21 19:56:25.854 [info] Getting sessions for all scopes...
2025-08-21 19:56:25.854 [info] Got 1 sessions for ...
2025-08-21 19:56:25.854 [info] Getting sessions for read:user,repo,user:email,workflow...
2025-08-21 19:56:25.854 [info] Got 0 sessions for read:user,repo,user:email,workflow...
2025-08-21 19:56:25.855 [info] Getting sessions for user:email...
2025-08-21 19:56:25.855 [info] Got 1 sessions for user:email...
2025-08-21 19:56:26.167 [info] Getting sessions for all scopes...
2025-08-21 19:56:26.167 [info] Got 1 sessions for ...
2025-08-21 19:56:26.167 [info] Getting sessions for all scopes...
2025-08-21 19:56:26.167 [info] Got 1 sessions for ...
2025-08-21 19:56:26.170 [info] Getting sessions for all scopes...
2025-08-21 19:56:26.170 [info] Got 1 sessions for ...
2025-08-21 19:56:26.187 [info] Getting sessions for all scopes...
2025-08-21 19:56:26.187 [info] Got 1 sessions for ...
2025-08-21 19:56:26.420 [info] Getting sessions for all scopes...
2025-08-21 19:56:26.420 [info] Got 1 sessions for ...
2025-08-21 19:56:26.420 [info] Getting sessions for all scopes...
2025-08-21 19:56:26.420 [info] Got 1 sessions for ...
2025-08-21 19:56:26.468 [info] Getting sessions for read:user,repo,user:email,workflow...
2025-08-21 19:56:26.468 [info] Got 0 sessions for read:user,repo,user:email,workflow...
2025-08-21 19:56:26.468 [info] Getting sessions for user:email...
2025-08-21 19:56:26.468 [info] Got 1 sessions for user:email...
2025-08-21 19:56:26.468 [info] Getting sessions for read:user,repo,user:email,workflow...
2025-08-21 19:56:26.468 [info] Got 0 sessions for read:user,repo,user:email,workflow...
2025-08-21 19:56:26.469 [info] Getting sessions for all scopes...
2025-08-21 19:56:26.469 [info] Got 1 sessions for ...
2025-08-21 19:56:26.469 [info] Getting sessions for read:user,repo,user:email,workflow...
2025-08-21 19:56:26.469 [info] Got 0 sessions for read:user,repo,user:email,workflow...
2025-08-21 19:56:26.469 [info] Getting sessions for user:email...
2025-08-21 19:56:26.469 [info] Got 1 sessions for user:email...
2025-08-21 19:56:26.494 [info] Getting sessions for all scopes...
2025-08-21 19:56:26.494 [info] Got 1 sessions for ...
2025-08-21 19:56:26.494 [info] Getting sessions for all scopes...
2025-08-21 19:56:26.494 [info] Got 1 sessions for ...
2025-08-21 19:56:26.494 [info] Getting sessions for read:user,repo,user:email,workflow...
2025-08-21 19:56:26.494 [info] Got 0 sessions for read:user,repo,user:email,workflow...
2025-08-21 19:56:26.495 [info] Getting sessions for user:email...
2025-08-21 19:56:26.495 [info] Got 1 sessions for user:email...
2025-08-21 19:56:26.495 [info] Getting sessions for read:user,repo,user:email,workflow...
2025-08-21 19:56:26.495 [info] Got 0 sessions for read:user,repo,user:email,workflow...
2025-08-21 19:56:26.496 [info] Getting sessions for all scopes...
2025-08-21 19:56:26.496 [info] Got 1 sessions for ...
2025-08-21 19:56:26.497 [info] Getting sessions for all scopes...
2025-08-21 19:56:26.497 [info] Got 1 sessions for ...
2025-08-21 19:56:26.497 [info] Getting sessions for all scopes...
2025-08-21 19:56:26.497 [info] Got 1 sessions for ...
2025-08-21 19:56:26.498 [info] Getting sessions for read:user,repo,user:email,workflow...
2025-08-21 19:56:26.498 [info] Got 0 sessions for read:user,repo,user:email,workflow...
2025-08-21 19:56:26.498 [info] Getting sessions for user:email...
2025-08-21 19:56:26.498 [info] Got 1 sessions for user:email...
2025-08-21 19:56:27.159 [info] Getting sessions for all scopes...
2025-08-21 19:56:27.159 [info] Got 1 sessions for ...
2025-08-21 19:56:27.244 [info] Getting sessions for all scopes...
2025-08-21 19:56:27.244 [info] Got 1 sessions for ...
2025-08-21 19:56:27.244 [info] Getting sessions for read:user,repo,user:email,workflow...
2025-08-21 19:56:27.244 [info] Got 0 sessions for read:user,repo,user:email,workflow...
2025-08-21 19:56:27.245 [info] Getting sessions for user:email...
2025-08-21 19:56:27.245 [info] Got 1 sessions for user:email...
2025-08-21 19:59:29.657 [info] Getting sessions for all scopes...
2025-08-21 19:59:29.657 [info] Got 1 sessions for ...
2025-08-21 19:59:29.657 [info] Getting sessions for read:user,repo,user:email,workflow...
2025-08-21 19:59:29.657 [info] Got 0 sessions for read:user,repo,user:email,workflow...
2025-08-21 19:59:29.657 [info] Getting sessions for user:email...
2025-08-21 19:59:29.658 [info] Got 1 sessions for user:email...
2025-08-21 20:11:27.246 [info] Getting sessions for all scopes...
2025-08-21 20:11:27.246 [info] Got 1 sessions for ...
2025-08-21 20:11:27.247 [info] Getting sessions for read:user,repo,user:email,workflow...
2025-08-21 20:11:27.247 [info] Got 0 sessions for read:user,repo,user:email,workflow...
2025-08-21 20:11:27.247 [info] Getting sessions for user:email...
2025-08-21 20:11:27.247 [info] Got 1 sessions for user:email...
2025-08-21 20:26:27.250 [info] Getting sessions for all scopes...
2025-08-21 20:26:27.250 [info] Got 1 sessions for ...
2025-08-21 20:26:27.252 [info] Getting sessions for read:user,repo,user:email,workflow...
2025-08-21 20:26:27.252 [info] Got 0 sessions for read:user,repo,user:email,workflow...
2025-08-21 20:26:27.253 [info] Getting sessions for user:email...
2025-08-21 20:26:27.253 [info] Got 1 sessions for user:email...
2025-08-21 20:26:27.255 [info] Getting sessions for all scopes...
2025-08-21 20:26:27.255 [info] Got 1 sessions for ...
2025-08-21 20:26:27.256 [info] Getting sessions for read:user,repo,user:email,workflow...
2025-08-21 20:26:27.256 [info] Got 0 sessions for read:user,repo,user:email,workflow...
2025-08-21 20:26:27.258 [info] Getting sessions for user:email...
2025-08-21 20:26:27.258 [info] Got 1 sessions for user:email...
2025-08-21 20:26:28.061 [info] Getting sessions for all scopes...
2025-08-21 20:26:28.061 [info] Got 1 sessions for ...
2025-08-21 20:26:28.061 [info] Getting sessions for all scopes...
2025-08-21 20:26:28.061 [info] Got 1 sessions for ...
2025-08-21 20:26:28.072 [info] Getting sessions for read:user,repo,user:email,workflow...
2025-08-21 20:26:28.072 [info] Got 0 sessions for read:user,repo,user:email,workflow...
2025-08-21 20:26:28.072 [info] Getting sessions for user:email...
2025-08-21 20:26:28.072 [info] Got 1 sessions for user:email...
2025-08-21 20:26:28.072 [info] Getting sessions for read:user,repo,user:email,workflow...
2025-08-21 20:26:28.072 [info] Got 0 sessions for read:user,repo,user:email,workflow...
2025-08-21 20:26:28.072 [info] Getting sessions for all scopes...
2025-08-21 20:26:28.072 [info] Got 1 sessions for ...
2025-08-21 20:26:28.073 [info] Getting sessions for read:user,repo,user:email,workflow...
2025-08-21 20:26:28.073 [info] Got 0 sessions for read:user,repo,user:email,workflow...
2025-08-21 20:26:28.073 [info] Getting sessions for user:email...
2025-08-21 20:26:28.073 [info] Got 1 sessions for user:email...
2025-08-21 20:26:28.074 [info] Getting sessions for all scopes...
2025-08-21 20:26:28.074 [info] Got 1 sessions for ...
2025-08-21 20:26:28.074 [info] Getting sessions for all scopes...
2025-08-21 20:26:28.074 [info] Got 1 sessions for ...
2025-08-21 20:26:28.074 [info] Getting sessions for read:user,repo,user:email,workflow...
2025-08-21 20:26:28.074 [info] Got 0 sessions for read:user,repo,user:email,workflow...
2025-08-21 20:26:28.074 [info] Getting sessions for user:email...
2025-08-21 20:26:28.074 [info] Got 1 sessions for user:email...
2025-08-21 20:26:28.075 [info] Getting sessions for read:user,repo,user:email,workflow...
2025-08-21 20:26:28.075 [info] Got 0 sessions for read:user,repo,user:email,workflow...
2025-08-21 20:26:28.075 [info] Getting sessions for all scopes...
2025-08-21 20:26:28.075 [info] Got 1 sessions for ...
2025-08-21 20:26:28.076 [info] Getting sessions for read:user,repo,user:email,workflow...
2025-08-21 20:26:28.076 [info] Got 0 sessions for read:user,repo,user:email,workflow...
2025-08-21 20:26:28.076 [info] Getting sessions for user:email...
2025-08-21 20:26:28.076 [info] Got 1 sessions for user:email...
