2025-08-22 17:11:29.878 [info] Reading sessions from keychain...
2025-08-22 17:11:29.878 [info] Getting sessions for all scopes...
2025-08-22 17:11:29.878 [info] Got stored sessions!
2025-08-22 17:11:29.878 [info] Got 1 verified sessions.
2025-08-22 17:11:29.878 [info] Got 1 sessions for ...
2025-08-22 17:11:29.878 [info] Getting sessions for all scopes...
2025-08-22 17:11:29.878 [info] Got 1 sessions for ...
2025-08-22 17:11:29.878 [info] Getting sessions for all scopes...
2025-08-22 17:11:29.878 [info] Got 1 sessions for ...
2025-08-22 17:11:29.878 [info] Getting sessions for all scopes...
2025-08-22 17:11:29.878 [info] Got 1 sessions for ...
2025-08-22 17:11:29.878 [info] Getting sessions for all scopes...
2025-08-22 17:11:29.878 [info] Got 1 sessions for ...
2025-08-22 17:11:29.878 [info] Getting sessions for all scopes...
2025-08-22 17:11:29.878 [info] Got 1 sessions for ...
2025-08-22 17:11:29.878 [info] Getting sessions for all scopes...
2025-08-22 17:11:29.878 [info] Got 1 sessions for ...
2025-08-22 17:11:29.878 [info] Getting sessions for all scopes...
2025-08-22 17:11:29.878 [info] Got 1 sessions for ...
2025-08-22 17:11:29.878 [info] Getting sessions for all scopes...
2025-08-22 17:11:29.878 [info] Got 1 sessions for ...
2025-08-22 17:11:29.878 [info] Getting sessions for all scopes...
2025-08-22 17:11:29.878 [info] Got 1 sessions for ...
2025-08-22 17:11:29.878 [info] Getting sessions for all scopes...
2025-08-22 17:11:29.878 [info] Got 1 sessions for ...
2025-08-22 17:11:29.878 [info] Getting sessions for all scopes...
2025-08-22 17:11:29.878 [info] Got 1 sessions for ...
2025-08-22 17:11:29.878 [info] Getting sessions for all scopes...
2025-08-22 17:11:29.878 [info] Got 1 sessions for ...
2025-08-22 17:11:29.878 [info] Getting sessions for all scopes...
2025-08-22 17:11:29.878 [info] Got 1 sessions for ...
2025-08-22 17:11:29.878 [info] Getting sessions for all scopes...
2025-08-22 17:11:29.878 [info] Got 1 sessions for ...
2025-08-22 17:11:29.878 [info] Getting sessions for all scopes...
2025-08-22 17:11:29.878 [info] Got 1 sessions for ...
2025-08-22 17:11:29.878 [info] Getting sessions for all scopes...
2025-08-22 17:11:29.878 [info] Got 1 sessions for ...
2025-08-22 17:11:29.878 [info] Getting sessions for all scopes...
2025-08-22 17:11:29.878 [info] Got 1 sessions for ...
2025-08-22 17:11:29.878 [info] Getting sessions for all scopes...
2025-08-22 17:11:29.878 [info] Got 1 sessions for ...
2025-08-22 17:11:29.878 [info] Getting sessions for all scopes...
2025-08-22 17:11:29.878 [info] Got 1 sessions for ...
2025-08-22 17:11:29.887 [info] Getting sessions for read:user,repo,user:email,workflow...
2025-08-22 17:11:29.887 [info] Got 0 sessions for read:user,repo,user:email,workflow...
2025-08-22 17:11:29.913 [info] Getting sessions for user:email...
2025-08-22 17:11:29.913 [info] Got 1 sessions for user:email...
2025-08-22 17:11:29.917 [info] Getting sessions for read:user,repo,user:email,workflow...
2025-08-22 17:11:29.918 [info] Got 0 sessions for read:user,repo,user:email,workflow...
2025-08-22 17:11:29.921 [info] Getting sessions for all scopes...
2025-08-22 17:11:29.921 [info] Got 1 sessions for ...
2025-08-22 17:11:29.924 [info] Getting sessions for read:user,repo,user:email,workflow...
2025-08-22 17:11:29.924 [info] Got 0 sessions for read:user,repo,user:email,workflow...
2025-08-22 17:11:29.926 [info] Getting sessions for user:email...
2025-08-22 17:11:29.926 [info] Got 1 sessions for user:email...
2025-08-22 17:11:29.928 [info] Getting sessions for all scopes...
2025-08-22 17:11:29.928 [info] Got 1 sessions for ...
2025-08-22 17:11:29.928 [info] Getting sessions for read:user,repo,user:email,workflow...
2025-08-22 17:11:29.928 [info] Got 0 sessions for read:user,repo,user:email,workflow...
2025-08-22 17:11:29.928 [info] Getting sessions for user:email...
2025-08-22 17:11:29.928 [info] Got 1 sessions for user:email...
2025-08-22 17:11:30.070 [info] Getting sessions for all scopes...
2025-08-22 17:11:30.070 [info] Got 1 sessions for ...
2025-08-22 17:11:30.071 [info] Getting sessions for read:user,repo,user:email,workflow...
2025-08-22 17:11:30.071 [info] Got 0 sessions for read:user,repo,user:email,workflow...
2025-08-22 17:11:30.071 [info] Getting sessions for user:email...
2025-08-22 17:11:30.071 [info] Got 1 sessions for user:email...
2025-08-22 17:11:30.305 [info] Getting sessions for all scopes...
2025-08-22 17:11:30.305 [info] Got 1 sessions for ...
2025-08-22 17:11:30.305 [info] Getting sessions for read:user,repo,user:email,workflow...
2025-08-22 17:11:30.305 [info] Got 0 sessions for read:user,repo,user:email,workflow...
2025-08-22 17:11:30.306 [info] Getting sessions for user:email...
2025-08-22 17:11:30.306 [info] Got 1 sessions for user:email...
2025-08-22 17:11:31.459 [info] Getting sessions for all scopes...
2025-08-22 17:11:31.459 [info] Got 1 sessions for ...
2025-08-22 17:11:31.459 [info] Getting sessions for all scopes...
2025-08-22 17:11:31.459 [info] Got 1 sessions for ...
2025-08-22 17:11:31.634 [info] Getting sessions for all scopes...
2025-08-22 17:11:31.634 [info] Got 1 sessions for ...
2025-08-22 17:11:31.634 [info] Getting sessions for read:user,repo,user:email,workflow...
2025-08-22 17:11:31.634 [info] Got 0 sessions for read:user,repo,user:email,workflow...
2025-08-22 17:11:31.634 [info] Getting sessions for all scopes...
2025-08-22 17:11:31.634 [info] Got 1 sessions for ...
2025-08-22 17:11:31.634 [info] Getting sessions for read:user,repo,user:email,workflow...
2025-08-22 17:11:31.634 [info] Got 0 sessions for read:user,repo,user:email,workflow...
2025-08-22 17:11:31.635 [info] Getting sessions for user:email...
2025-08-22 17:11:31.635 [info] Got 1 sessions for user:email...
2025-08-22 17:11:31.635 [info] Getting sessions for read:user,repo,user:email,workflow...
2025-08-22 17:11:31.635 [info] Got 0 sessions for read:user,repo,user:email,workflow...
2025-08-22 17:11:31.635 [info] Getting sessions for read:user...
2025-08-22 17:11:31.635 [info] Got 0 sessions for read:user...
2025-08-22 17:11:31.636 [info] Getting sessions for all scopes...
2025-08-22 17:11:31.636 [info] Got 1 sessions for ...
2025-08-22 17:11:31.636 [info] Getting sessions for user:email...
2025-08-22 17:11:31.636 [info] Got 1 sessions for user:email...
2025-08-22 17:11:31.638 [info] Getting sessions for read:user,repo,user:email,workflow...
2025-08-22 17:11:31.638 [info] Got 0 sessions for read:user,repo,user:email,workflow...
2025-08-22 17:11:31.638 [info] Getting sessions for user:email...
2025-08-22 17:11:31.638 [info] Got 1 sessions for user:email...
2025-08-22 17:11:31.719 [info] Getting sessions for all scopes...
2025-08-22 17:11:31.719 [info] Got 1 sessions for ...
2025-08-22 17:11:31.719 [info] Getting sessions for all scopes...
2025-08-22 17:11:31.719 [info] Got 1 sessions for ...
2025-08-22 17:11:31.734 [info] Getting sessions for read:user,repo,user:email,workflow...
2025-08-22 17:11:31.734 [info] Got 0 sessions for read:user,repo,user:email,workflow...
2025-08-22 17:11:31.740 [info] Getting sessions for user:email...
2025-08-22 17:11:31.740 [info] Got 1 sessions for user:email...
2025-08-22 17:11:31.740 [info] Getting sessions for read:user,repo,user:email,workflow...
2025-08-22 17:11:31.740 [info] Got 0 sessions for read:user,repo,user:email,workflow...
2025-08-22 17:11:31.743 [info] Getting sessions for all scopes...
2025-08-22 17:11:31.743 [info] Got 1 sessions for ...
2025-08-22 17:11:31.743 [info] Getting sessions for all scopes...
2025-08-22 17:11:31.743 [info] Got 1 sessions for ...
2025-08-22 17:11:31.743 [info] Getting sessions for all scopes...
2025-08-22 17:11:31.743 [info] Got 1 sessions for ...
2025-08-22 17:11:31.745 [info] Getting sessions for read:user,repo,user:email,workflow...
2025-08-22 17:11:31.745 [info] Got 0 sessions for read:user,repo,user:email,workflow...
2025-08-22 17:11:31.770 [info] Getting sessions for all scopes...
2025-08-22 17:11:31.770 [info] Got 1 sessions for ...
2025-08-22 17:11:31.770 [info] Getting sessions for all scopes...
2025-08-22 17:11:31.770 [info] Got 1 sessions for ...
2025-08-22 17:11:31.770 [info] Getting sessions for all scopes...
2025-08-22 17:11:31.770 [info] Got 1 sessions for ...
2025-08-22 17:11:31.796 [info] Getting sessions for user:email...
2025-08-22 17:11:31.796 [info] Got 1 sessions for user:email...
2025-08-22 17:11:31.805 [info] Getting sessions for all scopes...
2025-08-22 17:11:31.806 [info] Got 1 sessions for ...
2025-08-22 17:11:32.376 [info] Getting sessions for all scopes...
2025-08-22 17:11:32.376 [info] Got 1 sessions for ...
2025-08-22 17:11:32.469 [info] Getting sessions for all scopes...
2025-08-22 17:11:32.469 [info] Got 1 sessions for ...
2025-08-22 17:11:32.469 [info] Getting sessions for read:user,repo,user:email,workflow...
2025-08-22 17:11:32.469 [info] Got 0 sessions for read:user,repo,user:email,workflow...
2025-08-22 17:11:32.469 [info] Getting sessions for user:email...
2025-08-22 17:11:32.469 [info] Got 1 sessions for user:email...
2025-08-22 17:11:56.814 [info] Getting sessions for all scopes...
2025-08-22 17:11:56.814 [info] Got 1 sessions for ...
2025-08-22 17:11:56.815 [info] Getting sessions for read:user,repo,user:email,workflow...
2025-08-22 17:11:56.815 [info] Got 0 sessions for read:user,repo,user:email,workflow...
2025-08-22 17:11:56.815 [info] Getting sessions for user:email...
2025-08-22 17:11:56.815 [info] Got 1 sessions for user:email...
2025-08-22 17:11:57.471 [info] Getting sessions for all scopes...
2025-08-22 17:11:57.471 [info] Got 1 sessions for ...
2025-08-22 17:11:57.473 [info] Getting sessions for read:user,repo,user:email,workflow...
2025-08-22 17:11:57.473 [info] Got 0 sessions for read:user,repo,user:email,workflow...
2025-08-22 17:11:57.473 [info] Getting sessions for user:email...
2025-08-22 17:11:57.473 [info] Got 1 sessions for user:email...
2025-08-22 17:12:00.500 [info] Getting sessions for all scopes...
2025-08-22 17:12:00.500 [info] Got 1 sessions for ...
2025-08-22 17:12:00.500 [info] Getting sessions for read:user,repo,user:email,workflow...
2025-08-22 17:12:00.500 [info] Got 0 sessions for read:user,repo,user:email,workflow...
2025-08-22 17:12:00.500 [info] Getting sessions for user:email...
2025-08-22 17:12:00.500 [info] Got 1 sessions for user:email...
2025-08-22 17:12:13.242 [info] Getting sessions for all scopes...
2025-08-22 17:12:13.242 [info] Got 1 sessions for ...
2025-08-22 17:12:13.244 [info] Getting sessions for read:user,repo,user:email,workflow...
2025-08-22 17:12:13.244 [info] Got 0 sessions for read:user,repo,user:email,workflow...
2025-08-22 17:12:13.245 [info] Getting sessions for user:email...
2025-08-22 17:12:13.245 [info] Got 1 sessions for user:email...
2025-08-22 17:12:14.635 [info] Getting sessions for all scopes...
2025-08-22 17:12:14.635 [info] Got 1 sessions for ...
2025-08-22 17:12:14.638 [info] Getting sessions for read:user,repo,user:email,workflow...
2025-08-22 17:12:14.638 [info] Got 0 sessions for read:user,repo,user:email,workflow...
2025-08-22 17:12:14.641 [info] Getting sessions for user:email...
2025-08-22 17:12:14.641 [info] Got 1 sessions for user:email...
