2025-08-29 10:23:01.807 [info] Reading sessions from keychain...
2025-08-29 10:23:01.807 [info] Getting sessions for all scopes...
2025-08-29 10:23:01.825 [info] Got stored sessions!
2025-08-29 10:23:01.825 [info] Got 1 verified sessions.
2025-08-29 10:23:01.825 [info] Got 1 sessions for ...
2025-08-29 10:23:01.825 [info] Getting sessions for all scopes...
2025-08-29 10:23:01.825 [info] Got 1 sessions for ...
2025-08-29 10:23:01.825 [info] Getting sessions for all scopes...
2025-08-29 10:23:01.825 [info] Got 1 sessions for ...
2025-08-29 10:23:01.825 [info] Getting sessions for all scopes...
2025-08-29 10:23:01.825 [info] Got 1 sessions for ...
2025-08-29 10:23:01.825 [info] Getting sessions for all scopes...
2025-08-29 10:23:01.825 [info] Got 1 sessions for ...
2025-08-29 10:23:01.825 [info] Getting sessions for all scopes...
2025-08-29 10:23:01.825 [info] Got 1 sessions for ...
2025-08-29 10:23:01.825 [info] Getting sessions for all scopes...
2025-08-29 10:23:01.825 [info] Got 1 sessions for ...
2025-08-29 10:23:01.825 [info] Getting sessions for all scopes...
2025-08-29 10:23:01.825 [info] Got 1 sessions for ...
2025-08-29 10:23:01.825 [info] Getting sessions for all scopes...
2025-08-29 10:23:01.825 [info] Got 1 sessions for ...
2025-08-29 10:23:01.825 [info] Getting sessions for all scopes...
2025-08-29 10:23:01.825 [info] Got 1 sessions for ...
2025-08-29 10:23:01.825 [info] Getting sessions for all scopes...
2025-08-29 10:23:01.825 [info] Got 1 sessions for ...
2025-08-29 10:23:01.858 [info] Getting sessions for all scopes...
2025-08-29 10:23:01.858 [info] Got 1 sessions for ...
2025-08-29 10:23:01.858 [info] Getting sessions for all scopes...
2025-08-29 10:23:01.858 [info] Got 1 sessions for ...
2025-08-29 10:23:01.858 [info] Getting sessions for all scopes...
2025-08-29 10:23:01.858 [info] Got 1 sessions for ...
2025-08-29 10:23:01.858 [info] Getting sessions for all scopes...
2025-08-29 10:23:01.858 [info] Got 1 sessions for ...
2025-08-29 10:23:01.858 [info] Getting sessions for all scopes...
2025-08-29 10:23:01.858 [info] Got 1 sessions for ...
2025-08-29 10:23:01.858 [info] Getting sessions for all scopes...
2025-08-29 10:23:01.858 [info] Got 1 sessions for ...
2025-08-29 10:23:01.873 [info] Getting sessions for all scopes...
2025-08-29 10:23:01.873 [info] Got 1 sessions for ...
2025-08-29 10:23:01.878 [info] Getting sessions for read:user,repo,user:email,workflow...
2025-08-29 10:23:01.878 [info] Got 0 sessions for read:user,repo,user:email,workflow...
2025-08-29 10:23:01.928 [info] Getting sessions for user:email...
2025-08-29 10:23:01.928 [info] Got 1 sessions for user:email...
2025-08-29 10:23:01.928 [info] Getting sessions for read:user,repo,user:email,workflow...
2025-08-29 10:23:01.928 [info] Got 0 sessions for read:user,repo,user:email,workflow...
2025-08-29 10:23:01.939 [info] Getting sessions for all scopes...
2025-08-29 10:23:01.939 [info] Got 1 sessions for ...
2025-08-29 10:23:01.939 [info] Getting sessions for all scopes...
2025-08-29 10:23:01.939 [info] Got 1 sessions for ...
2025-08-29 10:23:01.948 [info] Getting sessions for all scopes...
2025-08-29 10:23:01.948 [info] Got 1 sessions for ...
2025-08-29 10:23:01.954 [info] Getting sessions for read:user,repo,user:email,workflow...
2025-08-29 10:23:01.954 [info] Got 0 sessions for read:user,repo,user:email,workflow...
2025-08-29 10:23:01.954 [info] Getting sessions for user:email...
2025-08-29 10:23:01.954 [info] Got 1 sessions for user:email...
2025-08-29 10:23:01.955 [info] Getting sessions for all scopes...
2025-08-29 10:23:01.955 [info] Got 1 sessions for ...
2025-08-29 10:23:01.956 [info] Getting sessions for read:user,repo,user:email,workflow...
2025-08-29 10:23:01.956 [info] Got 0 sessions for read:user,repo,user:email,workflow...
2025-08-29 10:23:01.956 [info] Getting sessions for user:email...
2025-08-29 10:23:01.956 [info] Got 1 sessions for user:email...
2025-08-29 10:23:02.004 [info] Getting sessions for all scopes...
2025-08-29 10:23:02.004 [info] Got 1 sessions for ...
2025-08-29 10:23:02.077 [info] Getting sessions for all scopes...
2025-08-29 10:23:02.077 [info] Got 1 sessions for ...
2025-08-29 10:23:02.078 [info] Getting sessions for read:user,repo,user:email,workflow...
2025-08-29 10:23:02.078 [info] Got 0 sessions for read:user,repo,user:email,workflow...
2025-08-29 10:23:02.079 [info] Getting sessions for user:email...
2025-08-29 10:23:02.079 [info] Got 1 sessions for user:email...
2025-08-29 10:23:02.321 [info] Getting sessions for all scopes...
2025-08-29 10:23:02.321 [info] Got 1 sessions for ...
2025-08-29 10:23:02.321 [info] Getting sessions for read:user,repo,user:email,workflow...
2025-08-29 10:23:02.321 [info] Got 0 sessions for read:user,repo,user:email,workflow...
2025-08-29 10:23:02.322 [info] Getting sessions for user:email...
2025-08-29 10:23:02.322 [info] Got 1 sessions for user:email...
2025-08-29 10:23:03.541 [info] Getting sessions for all scopes...
2025-08-29 10:23:03.541 [info] Got 1 sessions for ...
2025-08-29 10:23:03.541 [info] Getting sessions for all scopes...
2025-08-29 10:23:03.541 [info] Got 1 sessions for ...
2025-08-29 10:23:03.541 [info] Getting sessions for all scopes...
2025-08-29 10:23:03.541 [info] Got 1 sessions for ...
2025-08-29 10:23:03.541 [info] Getting sessions for all scopes...
2025-08-29 10:23:03.541 [info] Got 1 sessions for ...
2025-08-29 10:23:03.748 [info] Getting sessions for all scopes...
2025-08-29 10:23:03.748 [info] Got 1 sessions for ...
2025-08-29 10:23:03.752 [info] Getting sessions for all scopes...
2025-08-29 10:23:03.752 [info] Got 1 sessions for ...
2025-08-29 10:23:03.752 [info] Getting sessions for read:user,repo,user:email,workflow...
2025-08-29 10:23:03.752 [info] Got 0 sessions for read:user,repo,user:email,workflow...
2025-08-29 10:23:03.753 [info] Getting sessions for read:user...
2025-08-29 10:23:03.753 [info] Got 0 sessions for read:user...
2025-08-29 10:23:03.753 [info] Getting sessions for user:email...
2025-08-29 10:23:03.753 [info] Got 1 sessions for user:email...
2025-08-29 10:23:03.815 [info] Getting sessions for all scopes...
2025-08-29 10:23:03.815 [info] Got 1 sessions for ...
2025-08-29 10:23:03.815 [info] Getting sessions for all scopes...
2025-08-29 10:23:03.815 [info] Got 1 sessions for ...
2025-08-29 10:23:03.815 [info] Getting sessions for read:user,repo,user:email,workflow...
2025-08-29 10:23:03.815 [info] Got 0 sessions for read:user,repo,user:email,workflow...
2025-08-29 10:23:03.820 [info] Getting sessions for user:email...
2025-08-29 10:23:03.820 [info] Got 1 sessions for user:email...
2025-08-29 10:23:03.820 [info] Getting sessions for read:user,repo,user:email,workflow...
2025-08-29 10:23:03.820 [info] Got 0 sessions for read:user,repo,user:email,workflow...
2025-08-29 10:23:03.831 [info] Getting sessions for all scopes...
2025-08-29 10:23:03.831 [info] Got 1 sessions for ...
2025-08-29 10:23:03.831 [info] Getting sessions for read:user,repo,user:email,workflow...
2025-08-29 10:23:03.831 [info] Got 0 sessions for read:user,repo,user:email,workflow...
2025-08-29 10:23:03.832 [info] Getting sessions for user:email...
2025-08-29 10:23:03.832 [info] Got 1 sessions for user:email...
2025-08-29 10:23:03.859 [info] Getting sessions for all scopes...
2025-08-29 10:23:03.859 [info] Got 1 sessions for ...
2025-08-29 10:23:03.859 [info] Getting sessions for all scopes...
2025-08-29 10:23:03.859 [info] Got 1 sessions for ...
2025-08-29 10:23:03.859 [info] Getting sessions for read:user,repo,user:email,workflow...
2025-08-29 10:23:03.859 [info] Got 0 sessions for read:user,repo,user:email,workflow...
2025-08-29 10:23:03.859 [info] Getting sessions for user:email...
2025-08-29 10:23:03.859 [info] Got 1 sessions for user:email...
2025-08-29 10:23:03.859 [info] Getting sessions for read:user,repo,user:email,workflow...
2025-08-29 10:23:03.859 [info] Got 0 sessions for read:user,repo,user:email,workflow...
2025-08-29 10:23:03.861 [info] Getting sessions for all scopes...
2025-08-29 10:23:03.861 [info] Got 1 sessions for ...
2025-08-29 10:23:03.862 [info] Getting sessions for all scopes...
2025-08-29 10:23:03.862 [info] Got 1 sessions for ...
2025-08-29 10:23:03.862 [info] Getting sessions for all scopes...
2025-08-29 10:23:03.862 [info] Got 1 sessions for ...
2025-08-29 10:23:03.863 [info] Getting sessions for read:user,repo,user:email,workflow...
2025-08-29 10:23:03.863 [info] Got 0 sessions for read:user,repo,user:email,workflow...
2025-08-29 10:23:03.863 [info] Getting sessions for user:email...
2025-08-29 10:23:03.863 [info] Got 1 sessions for user:email...
2025-08-29 10:23:04.572 [info] Getting sessions for all scopes...
2025-08-29 10:23:04.572 [info] Got 1 sessions for ...
2025-08-29 10:23:04.658 [info] Getting sessions for all scopes...
2025-08-29 10:23:04.658 [info] Got 1 sessions for ...
2025-08-29 10:23:04.658 [info] Getting sessions for read:user,repo,user:email,workflow...
2025-08-29 10:23:04.658 [info] Got 0 sessions for read:user,repo,user:email,workflow...
2025-08-29 10:23:04.660 [info] Getting sessions for user:email...
2025-08-29 10:23:04.660 [info] Got 1 sessions for user:email...
2025-08-29 10:23:09.445 [info] Getting sessions for all scopes...
2025-08-29 10:23:09.445 [info] Got 1 sessions for ...
2025-08-29 10:23:09.446 [info] Getting sessions for read:user,repo,user:email,workflow...
2025-08-29 10:23:09.446 [info] Got 0 sessions for read:user,repo,user:email,workflow...
2025-08-29 10:23:09.447 [info] Getting sessions for user:email...
2025-08-29 10:23:09.447 [info] Got 1 sessions for user:email...
2025-08-29 10:23:09.945 [info] Getting sessions for all scopes...
2025-08-29 10:23:09.945 [info] Got 1 sessions for ...
2025-08-29 10:23:09.946 [info] Getting sessions for read:user,repo,user:email,workflow...
2025-08-29 10:23:09.946 [info] Got 0 sessions for read:user,repo,user:email,workflow...
2025-08-29 10:23:09.946 [info] Getting sessions for user:email...
2025-08-29 10:23:09.946 [info] Got 1 sessions for user:email...
2025-08-29 10:23:10.466 [info] Getting sessions for all scopes...
2025-08-29 10:23:10.466 [info] Got 1 sessions for ...
2025-08-29 10:23:10.467 [info] Getting sessions for read:user,repo,user:email,workflow...
2025-08-29 10:23:10.467 [info] Got 0 sessions for read:user,repo,user:email,workflow...
2025-08-29 10:23:10.467 [info] Getting sessions for user:email...
2025-08-29 10:23:10.467 [info] Got 1 sessions for user:email...
2025-08-29 10:23:26.732 [info] Reading sessions from keychain...
2025-08-29 10:23:26.732 [info] Got stored sessions!
2025-08-29 10:23:26.732 [info] Got 1 verified sessions.
2025-08-29 10:23:26.732 [info] Getting sessions for all scopes...
2025-08-29 10:23:26.732 [info] Got 1 sessions for ...
2025-08-29 10:23:26.732 [info] Getting sessions for all scopes...
2025-08-29 10:23:26.732 [info] Got 1 sessions for ...
2025-08-29 10:23:26.732 [info] Getting sessions for all scopes...
2025-08-29 10:23:26.732 [info] Got 1 sessions for ...
2025-08-29 10:23:26.732 [info] Getting sessions for all scopes...
2025-08-29 10:23:26.732 [info] Got 1 sessions for ...
2025-08-29 10:23:26.732 [info] Getting sessions for all scopes...
2025-08-29 10:23:26.732 [info] Got 1 sessions for ...
2025-08-29 10:23:26.732 [info] Getting sessions for all scopes...
2025-08-29 10:23:26.732 [info] Got 1 sessions for ...
2025-08-29 10:23:26.732 [info] Getting sessions for all scopes...
2025-08-29 10:23:26.732 [info] Got 1 sessions for ...
2025-08-29 10:23:26.732 [info] Getting sessions for all scopes...
2025-08-29 10:23:26.732 [info] Got 1 sessions for ...
2025-08-29 10:23:26.732 [info] Getting sessions for all scopes...
2025-08-29 10:23:26.732 [info] Got 1 sessions for ...
2025-08-29 10:23:26.732 [info] Getting sessions for all scopes...
2025-08-29 10:23:26.732 [info] Got 1 sessions for ...
2025-08-29 10:23:26.732 [info] Getting sessions for all scopes...
2025-08-29 10:23:26.732 [info] Got 1 sessions for ...
2025-08-29 10:23:26.732 [info] Getting sessions for all scopes...
2025-08-29 10:23:26.732 [info] Got 1 sessions for ...
2025-08-29 10:23:26.732 [info] Getting sessions for all scopes...
2025-08-29 10:23:26.732 [info] Got 1 sessions for ...
2025-08-29 10:23:26.732 [info] Getting sessions for all scopes...
2025-08-29 10:23:26.732 [info] Got 1 sessions for ...
2025-08-29 10:23:26.732 [info] Getting sessions for all scopes...
2025-08-29 10:23:26.732 [info] Got 1 sessions for ...
2025-08-29 10:23:26.732 [info] Getting sessions for all scopes...
2025-08-29 10:23:26.732 [info] Got 1 sessions for ...
2025-08-29 10:23:26.732 [info] Getting sessions for all scopes...
2025-08-29 10:23:26.732 [info] Got 1 sessions for ...
2025-08-29 10:23:26.732 [info] Getting sessions for all scopes...
2025-08-29 10:23:26.732 [info] Got 1 sessions for ...
2025-08-29 10:23:26.732 [info] Getting sessions for all scopes...
2025-08-29 10:23:26.732 [info] Got 1 sessions for ...
2025-08-29 10:23:26.750 [info] Getting sessions for read:user,repo,user:email,workflow...
2025-08-29 10:23:26.750 [info] Got 0 sessions for read:user,repo,user:email,workflow...
2025-08-29 10:23:26.754 [info] Getting sessions for user:email...
2025-08-29 10:23:26.754 [info] Got 1 sessions for user:email...
2025-08-29 10:23:26.754 [info] Getting sessions for read:user,repo,user:email,workflow...
2025-08-29 10:23:26.754 [info] Got 0 sessions for read:user,repo,user:email,workflow...
2025-08-29 10:23:26.754 [info] Getting sessions for all scopes...
2025-08-29 10:23:26.754 [info] Got 1 sessions for ...
2025-08-29 10:23:26.755 [info] Getting sessions for read:user,repo,user:email,workflow...
2025-08-29 10:23:26.755 [info] Got 0 sessions for read:user,repo,user:email,workflow...
2025-08-29 10:23:26.755 [info] Getting sessions for user:email...
2025-08-29 10:23:26.755 [info] Got 1 sessions for user:email...
2025-08-29 10:23:26.755 [info] Getting sessions for all scopes...
2025-08-29 10:23:26.755 [info] Got 1 sessions for ...
2025-08-29 10:23:26.756 [info] Getting sessions for read:user,repo,user:email,workflow...
2025-08-29 10:23:26.756 [info] Got 0 sessions for read:user,repo,user:email,workflow...
2025-08-29 10:23:26.756 [info] Getting sessions for user:email...
2025-08-29 10:23:26.756 [info] Got 1 sessions for user:email...
2025-08-29 10:23:26.889 [info] Getting sessions for all scopes...
2025-08-29 10:23:26.889 [info] Got 1 sessions for ...
2025-08-29 10:23:26.890 [info] Getting sessions for read:user,repo,user:email,workflow...
2025-08-29 10:23:26.890 [info] Got 0 sessions for read:user,repo,user:email,workflow...
2025-08-29 10:23:26.890 [info] Getting sessions for user:email...
2025-08-29 10:23:26.890 [info] Got 1 sessions for user:email...
2025-08-29 10:23:27.125 [info] Getting sessions for all scopes...
2025-08-29 10:23:27.125 [info] Got 1 sessions for ...
2025-08-29 10:23:27.126 [info] Getting sessions for read:user,repo,user:email,workflow...
2025-08-29 10:23:27.126 [info] Got 0 sessions for read:user,repo,user:email,workflow...
2025-08-29 10:23:27.126 [info] Getting sessions for user:email...
2025-08-29 10:23:27.126 [info] Got 1 sessions for user:email...
2025-08-29 10:23:27.472 [info] Getting sessions for all scopes...
2025-08-29 10:23:27.472 [info] Got 1 sessions for ...
2025-08-29 10:23:27.472 [info] Getting sessions for all scopes...
2025-08-29 10:23:27.472 [info] Got 1 sessions for ...
2025-08-29 10:23:27.482 [info] Getting sessions for read:user,repo,user:email,workflow...
2025-08-29 10:23:27.482 [info] Got 0 sessions for read:user,repo,user:email,workflow...
2025-08-29 10:23:27.490 [info] Getting sessions for user:email...
2025-08-29 10:23:27.490 [info] Got 1 sessions for user:email...
2025-08-29 10:23:27.490 [info] Getting sessions for read:user,repo,user:email,workflow...
2025-08-29 10:23:27.490 [info] Got 0 sessions for read:user,repo,user:email,workflow...
2025-08-29 10:23:27.491 [info] Getting sessions for all scopes...
2025-08-29 10:23:27.491 [info] Got 1 sessions for ...
2025-08-29 10:23:27.491 [info] Getting sessions for read:user,repo,user:email,workflow...
2025-08-29 10:23:27.491 [info] Got 0 sessions for read:user,repo,user:email,workflow...
2025-08-29 10:23:27.491 [info] Getting sessions for user:email...
2025-08-29 10:23:27.491 [info] Got 1 sessions for user:email...
2025-08-29 10:23:27.529 [info] Getting sessions for all scopes...
2025-08-29 10:23:27.529 [info] Got 1 sessions for ...
2025-08-29 10:23:27.529 [info] Getting sessions for all scopes...
2025-08-29 10:23:27.529 [info] Got 1 sessions for ...
2025-08-29 10:23:28.383 [info] Getting sessions for read:user,repo,user:email,workflow...
2025-08-29 10:23:28.383 [info] Got 0 sessions for read:user,repo,user:email,workflow...
2025-08-29 10:23:28.567 [info] Getting sessions for all scopes...
2025-08-29 10:23:28.567 [info] Got 1 sessions for ...
2025-08-29 10:23:28.569 [info] Getting sessions for user:email...
2025-08-29 10:23:28.569 [info] Got 1 sessions for user:email...
2025-08-29 10:23:28.569 [info] Getting sessions for read:user,repo,user:email,workflow...
2025-08-29 10:23:28.569 [info] Got 0 sessions for read:user,repo,user:email,workflow...
2025-08-29 10:23:28.569 [info] Getting sessions for all scopes...
2025-08-29 10:23:28.569 [info] Got 1 sessions for ...
2025-08-29 10:23:28.569 [info] Getting sessions for read:user,repo,user:email,workflow...
2025-08-29 10:23:28.569 [info] Got 0 sessions for read:user,repo,user:email,workflow...
2025-08-29 10:23:28.570 [info] Getting sessions for all scopes...
2025-08-29 10:23:28.570 [info] Got 1 sessions for ...
2025-08-29 10:23:28.571 [info] Getting sessions for all scopes...
2025-08-29 10:23:28.571 [info] Got 1 sessions for ...
2025-08-29 10:23:28.571 [info] Getting sessions for all scopes...
2025-08-29 10:23:28.571 [info] Got 1 sessions for ...
2025-08-29 10:23:28.571 [info] Getting sessions for read:user...
2025-08-29 10:23:28.571 [info] Got 0 sessions for read:user...
2025-08-29 10:23:28.611 [info] Getting sessions for read:user,repo,user:email,workflow...
2025-08-29 10:23:28.611 [info] Got 0 sessions for read:user,repo,user:email,workflow...
2025-08-29 10:23:28.613 [info] Getting sessions for user:email...
2025-08-29 10:23:28.613 [info] Got 1 sessions for user:email...
2025-08-29 10:23:28.624 [info] Getting sessions for user:email...
2025-08-29 10:23:28.624 [info] Got 1 sessions for user:email...
2025-08-29 10:23:28.700 [info] Getting sessions for all scopes...
2025-08-29 10:23:28.700 [info] Got 1 sessions for ...
2025-08-29 10:23:28.723 [info] Getting sessions for read:user,repo,user:email,workflow...
2025-08-29 10:23:28.723 [info] Got 0 sessions for read:user,repo,user:email,workflow...
2025-08-29 10:23:28.729 [info] Getting sessions for user:email...
2025-08-29 10:23:28.729 [info] Got 1 sessions for user:email...
2025-08-29 10:23:28.732 [info] Getting sessions for all scopes...
2025-08-29 10:23:28.732 [info] Got 1 sessions for ...
2025-08-29 10:23:28.732 [info] Getting sessions for all scopes...
2025-08-29 10:23:28.732 [info] Got 1 sessions for ...
2025-08-29 10:23:28.735 [info] Getting sessions for all scopes...
2025-08-29 10:23:28.735 [info] Got 1 sessions for ...
2025-08-29 10:23:28.763 [info] Getting sessions for all scopes...
2025-08-29 10:23:28.763 [info] Got 1 sessions for ...
2025-08-29 10:25:37.011 [info] Getting sessions for all scopes...
2025-08-29 10:25:37.011 [info] Got 1 sessions for ...
2025-08-29 10:25:37.014 [info] Getting sessions for read:user,repo,user:email,workflow...
2025-08-29 10:25:37.014 [info] Got 0 sessions for read:user,repo,user:email,workflow...
2025-08-29 10:25:37.014 [info] Getting sessions for user:email...
2025-08-29 10:25:37.014 [info] Got 1 sessions for user:email...
