2025-08-22 16:42:56.276 [info] Reading sessions from keychain...
2025-08-22 16:42:56.276 [info] Got stored sessions!
2025-08-22 16:42:56.276 [info] Got 1 verified sessions.
2025-08-22 16:42:56.276 [info] Getting sessions for all scopes...
2025-08-22 16:42:56.276 [info] Got 1 sessions for ...
2025-08-22 16:42:56.276 [info] Getting sessions for all scopes...
2025-08-22 16:42:56.276 [info] Got 1 sessions for ...
2025-08-22 16:42:56.276 [info] Getting sessions for all scopes...
2025-08-22 16:42:56.276 [info] Got 1 sessions for ...
2025-08-22 16:42:56.276 [info] Getting sessions for all scopes...
2025-08-22 16:42:56.276 [info] Got 1 sessions for ...
2025-08-22 16:42:56.276 [info] Getting sessions for all scopes...
2025-08-22 16:42:56.276 [info] Got 1 sessions for ...
2025-08-22 16:42:56.276 [info] Getting sessions for all scopes...
2025-08-22 16:42:56.276 [info] Got 1 sessions for ...
2025-08-22 16:42:56.276 [info] Getting sessions for all scopes...
2025-08-22 16:42:56.276 [info] Got 1 sessions for ...
2025-08-22 16:42:56.276 [info] Getting sessions for all scopes...
2025-08-22 16:42:56.276 [info] Got 1 sessions for ...
2025-08-22 16:42:56.276 [info] Getting sessions for all scopes...
2025-08-22 16:42:56.276 [info] Got 1 sessions for ...
2025-08-22 16:42:56.276 [info] Getting sessions for all scopes...
2025-08-22 16:42:56.276 [info] Got 1 sessions for ...
2025-08-22 16:42:56.276 [info] Getting sessions for all scopes...
2025-08-22 16:42:56.276 [info] Got 1 sessions for ...
2025-08-22 16:42:56.276 [info] Getting sessions for all scopes...
2025-08-22 16:42:56.276 [info] Got 1 sessions for ...
2025-08-22 16:42:56.276 [info] Getting sessions for all scopes...
2025-08-22 16:42:56.276 [info] Got 1 sessions for ...
2025-08-22 16:42:56.276 [info] Getting sessions for all scopes...
2025-08-22 16:42:56.276 [info] Got 1 sessions for ...
2025-08-22 16:42:56.276 [info] Getting sessions for all scopes...
2025-08-22 16:42:56.276 [info] Got 1 sessions for ...
2025-08-22 16:42:56.276 [info] Getting sessions for all scopes...
2025-08-22 16:42:56.276 [info] Got 1 sessions for ...
2025-08-22 16:42:56.276 [info] Getting sessions for all scopes...
2025-08-22 16:42:56.276 [info] Got 1 sessions for ...
2025-08-22 16:42:56.276 [info] Getting sessions for all scopes...
2025-08-22 16:42:56.276 [info] Got 1 sessions for ...
2025-08-22 16:42:56.276 [info] Getting sessions for all scopes...
2025-08-22 16:42:56.276 [info] Got 1 sessions for ...
2025-08-22 16:42:56.294 [info] Getting sessions for read:user,repo,user:email,workflow...
2025-08-22 16:42:56.294 [info] Got 0 sessions for read:user,repo,user:email,workflow...
2025-08-22 16:42:56.315 [info] Getting sessions for user:email...
2025-08-22 16:42:56.329 [info] Got 1 sessions for user:email...
2025-08-22 16:42:56.329 [info] Getting sessions for read:user,repo,user:email,workflow...
2025-08-22 16:42:56.329 [info] Got 0 sessions for read:user,repo,user:email,workflow...
2025-08-22 16:42:56.337 [info] Getting sessions for all scopes...
2025-08-22 16:42:56.337 [info] Got 1 sessions for ...
2025-08-22 16:42:56.340 [info] Getting sessions for read:user,repo,user:email,workflow...
2025-08-22 16:42:56.340 [info] Got 0 sessions for read:user,repo,user:email,workflow...
2025-08-22 16:42:56.342 [info] Getting sessions for user:email...
2025-08-22 16:42:56.342 [info] Got 1 sessions for user:email...
2025-08-22 16:42:56.345 [info] Getting sessions for all scopes...
2025-08-22 16:42:56.345 [info] Got 1 sessions for ...
2025-08-22 16:42:56.345 [info] Getting sessions for read:user,repo,user:email,workflow...
2025-08-22 16:42:56.345 [info] Got 0 sessions for read:user,repo,user:email,workflow...
2025-08-22 16:42:56.345 [info] Getting sessions for user:email...
2025-08-22 16:42:56.345 [info] Got 1 sessions for user:email...
2025-08-22 16:42:56.443 [info] Getting sessions for all scopes...
2025-08-22 16:42:56.443 [info] Got 1 sessions for ...
2025-08-22 16:42:56.443 [info] Getting sessions for read:user,repo,user:email,workflow...
2025-08-22 16:42:56.443 [info] Got 0 sessions for read:user,repo,user:email,workflow...
2025-08-22 16:42:56.444 [info] Getting sessions for user:email...
2025-08-22 16:42:56.444 [info] Got 1 sessions for user:email...
2025-08-22 16:42:56.666 [info] Getting sessions for all scopes...
2025-08-22 16:42:56.666 [info] Got 1 sessions for ...
2025-08-22 16:42:56.667 [info] Getting sessions for read:user,repo,user:email,workflow...
2025-08-22 16:42:56.667 [info] Got 0 sessions for read:user,repo,user:email,workflow...
2025-08-22 16:42:56.667 [info] Getting sessions for user:email...
2025-08-22 16:42:56.667 [info] Got 1 sessions for user:email...
2025-08-22 16:42:57.913 [info] Getting sessions for all scopes...
2025-08-22 16:42:57.913 [info] Got 1 sessions for ...
2025-08-22 16:42:57.913 [info] Getting sessions for all scopes...
2025-08-22 16:42:57.913 [info] Got 1 sessions for ...
2025-08-22 16:42:58.070 [info] Getting sessions for all scopes...
2025-08-22 16:42:58.070 [info] Got 1 sessions for ...
2025-08-22 16:42:58.070 [info] Getting sessions for all scopes...
2025-08-22 16:42:58.070 [info] Got 1 sessions for ...
2025-08-22 16:42:58.070 [info] Getting sessions for all scopes...
2025-08-22 16:42:58.070 [info] Got 1 sessions for ...
2025-08-22 16:42:58.070 [info] Getting sessions for all scopes...
2025-08-22 16:42:58.070 [info] Got 1 sessions for ...
2025-08-22 16:42:58.070 [info] Getting sessions for all scopes...
2025-08-22 16:42:58.070 [info] Got 1 sessions for ...
2025-08-22 16:42:58.077 [info] Getting sessions for all scopes...
2025-08-22 16:42:58.077 [info] Got 1 sessions for ...
2025-08-22 16:42:58.078 [info] Getting sessions for read:user,repo,user:email,workflow...
2025-08-22 16:42:58.078 [info] Got 0 sessions for read:user,repo,user:email,workflow...
2025-08-22 16:42:58.078 [info] Getting sessions for read:user,repo,user:email,workflow...
2025-08-22 16:42:58.078 [info] Got 0 sessions for read:user,repo,user:email,workflow...
2025-08-22 16:42:58.078 [info] Getting sessions for read:user...
2025-08-22 16:42:58.078 [info] Got 0 sessions for read:user...
2025-08-22 16:42:58.078 [info] Getting sessions for user:email...
2025-08-22 16:42:58.078 [info] Got 1 sessions for user:email...
2025-08-22 16:42:58.078 [info] Getting sessions for read:user,repo,user:email,workflow...
2025-08-22 16:42:58.078 [info] Got 0 sessions for read:user,repo,user:email,workflow...
2025-08-22 16:42:58.079 [info] Getting sessions for user:email...
2025-08-22 16:42:58.079 [info] Got 1 sessions for user:email...
2025-08-22 16:42:58.079 [info] Getting sessions for all scopes...
2025-08-22 16:42:58.079 [info] Got 1 sessions for ...
2025-08-22 16:42:58.080 [info] Getting sessions for read:user,repo,user:email,workflow...
2025-08-22 16:42:58.080 [info] Got 0 sessions for read:user,repo,user:email,workflow...
2025-08-22 16:42:58.081 [info] Getting sessions for user:email...
2025-08-22 16:42:58.081 [info] Got 1 sessions for user:email...
2025-08-22 16:42:58.156 [info] Getting sessions for all scopes...
2025-08-22 16:42:58.156 [info] Got 1 sessions for ...
2025-08-22 16:42:58.156 [info] Getting sessions for all scopes...
2025-08-22 16:42:58.156 [info] Got 1 sessions for ...
2025-08-22 16:42:58.157 [info] Getting sessions for read:user,repo,user:email,workflow...
2025-08-22 16:42:58.157 [info] Got 0 sessions for read:user,repo,user:email,workflow...
2025-08-22 16:42:58.157 [info] Getting sessions for user:email...
2025-08-22 16:42:58.157 [info] Got 1 sessions for user:email...
2025-08-22 16:42:58.157 [info] Getting sessions for read:user,repo,user:email,workflow...
2025-08-22 16:42:58.157 [info] Got 0 sessions for read:user,repo,user:email,workflow...
2025-08-22 16:42:58.159 [info] Getting sessions for all scopes...
2025-08-22 16:42:58.159 [info] Got 1 sessions for ...
2025-08-22 16:42:58.160 [info] Getting sessions for all scopes...
2025-08-22 16:42:58.160 [info] Got 1 sessions for ...
2025-08-22 16:42:58.160 [info] Getting sessions for all scopes...
2025-08-22 16:42:58.160 [info] Got 1 sessions for ...
2025-08-22 16:42:58.160 [info] Getting sessions for read:user,repo,user:email,workflow...
2025-08-22 16:42:58.160 [info] Got 0 sessions for read:user,repo,user:email,workflow...
2025-08-22 16:42:58.161 [info] Getting sessions for user:email...
2025-08-22 16:42:58.161 [info] Got 1 sessions for user:email...
2025-08-22 16:42:58.827 [info] Getting sessions for all scopes...
2025-08-22 16:42:58.827 [info] Got 1 sessions for ...
2025-08-22 16:42:58.913 [info] Getting sessions for all scopes...
2025-08-22 16:42:58.913 [info] Got 1 sessions for ...
2025-08-22 16:42:58.913 [info] Getting sessions for read:user,repo,user:email,workflow...
2025-08-22 16:42:58.913 [info] Got 0 sessions for read:user,repo,user:email,workflow...
2025-08-22 16:42:58.913 [info] Getting sessions for user:email...
2025-08-22 16:42:58.913 [info] Got 1 sessions for user:email...
2025-08-22 16:43:04.397 [info] Getting sessions for all scopes...
2025-08-22 16:43:04.397 [info] Got 1 sessions for ...
2025-08-22 16:43:04.399 [info] Getting sessions for read:user,repo,user:email,workflow...
2025-08-22 16:43:04.399 [info] Got 0 sessions for read:user,repo,user:email,workflow...
2025-08-22 16:43:04.401 [info] Getting sessions for user:email...
2025-08-22 16:43:04.401 [info] Got 1 sessions for user:email...
2025-08-22 16:43:04.922 [info] Getting sessions for all scopes...
2025-08-22 16:43:04.922 [info] Got 1 sessions for ...
2025-08-22 16:43:04.924 [info] Getting sessions for read:user,repo,user:email,workflow...
2025-08-22 16:43:04.924 [info] Got 0 sessions for read:user,repo,user:email,workflow...
2025-08-22 16:43:04.926 [info] Getting sessions for user:email...
2025-08-22 16:43:04.926 [info] Got 1 sessions for user:email...
2025-08-22 16:43:05.422 [info] Getting sessions for all scopes...
2025-08-22 16:43:05.422 [info] Got 1 sessions for ...
2025-08-22 16:43:05.423 [info] Getting sessions for read:user,repo,user:email,workflow...
2025-08-22 16:43:05.423 [info] Got 0 sessions for read:user,repo,user:email,workflow...
2025-08-22 16:43:05.425 [info] Getting sessions for user:email...
2025-08-22 16:43:05.425 [info] Got 1 sessions for user:email...
