2025-08-22 17:11:29.913 [info] [main] Log level: Info
2025-08-22 17:11:29.913 [info] [main] Validating found git in: "git"
2025-08-22 17:11:29.913 [info] [main] Using git "2.50.1" from "git"
2025-08-22 17:11:29.913 [info] [Model][doInitialScan] Initial repository scan started
2025-08-22 17:11:29.913 [info] > git rev-parse --show-toplevel [2ms]
2025-08-22 17:11:29.913 [info] fatal: not a git repository (or any parent up to mount point /)
Stopping at filesystem boundary (GIT_DISCOVERY_ACROSS_FILESYSTEM not set).
2025-08-22 17:11:29.918 [info] > git rev-parse --show-toplevel [6ms]
2025-08-22 17:11:29.918 [info] fatal: not a git repository (or any parent up to mount point /)
Stopping at filesystem boundary (GIT_DISCOVERY_ACROSS_FILESYSTEM not set).
2025-08-22 17:11:29.921 [info] > git rev-parse --show-toplevel [1ms]
2025-08-22 17:11:29.921 [info] fatal: not a git repository (or any parent up to mount point /)
Stopping at filesystem boundary (GIT_DISCOVERY_ACROSS_FILESYSTEM not set).
2025-08-22 17:11:29.924 [info] > git rev-parse --show-toplevel [1ms]
2025-08-22 17:11:29.924 [info] fatal: not a git repository (or any parent up to mount point /)
Stopping at filesystem boundary (GIT_DISCOVERY_ACROSS_FILESYSTEM not set).
2025-08-22 17:11:29.926 [info] > git rev-parse --show-toplevel [0ms]
2025-08-22 17:11:29.926 [info] fatal: not a git repository (or any parent up to mount point /)
Stopping at filesystem boundary (GIT_DISCOVERY_ACROSS_FILESYSTEM not set).
2025-08-22 17:11:29.927 [info] [Model][doInitialScan] Initial repository scan completed - repositories (0), closed repositories (0), parent repositories (0), unsafe repositories (0)
2025-08-22 17:11:31.769 [info] > git rev-parse --show-toplevel [5ms]
2025-08-22 17:11:31.769 [info] fatal: not a git repository (or any parent up to mount point /)
Stopping at filesystem boundary (GIT_DISCOVERY_ACROSS_FILESYSTEM not set).
2025-08-22 17:11:33.131 [info] > git rev-parse --show-toplevel [1ms]
2025-08-22 17:11:33.131 [info] fatal: not a git repository (or any parent up to mount point /)
Stopping at filesystem boundary (GIT_DISCOVERY_ACROSS_FILESYSTEM not set).
2025-08-22 17:11:39.399 [info] > git rev-parse --show-toplevel [2ms]
2025-08-22 17:11:39.399 [info] fatal: not a git repository (or any parent up to mount point /)
Stopping at filesystem boundary (GIT_DISCOVERY_ACROSS_FILESYSTEM not set).
2025-08-22 17:11:59.777 [info] > git rev-parse --show-toplevel [2ms]
2025-08-22 17:11:59.777 [info] fatal: not a git repository (or any parent up to mount point /)
Stopping at filesystem boundary (GIT_DISCOVERY_ACROSS_FILESYSTEM not set).
