2025-09-01 17:46:57.074 [info] Reading sessions from keychain...
2025-09-01 17:46:57.074 [info] Getting sessions for all scopes...
2025-09-01 17:46:57.074 [info] Got stored sessions!
2025-09-01 17:46:57.074 [info] Got 1 verified sessions.
2025-09-01 17:46:57.074 [info] Got 1 sessions for ...
2025-09-01 17:46:57.074 [info] Getting sessions for all scopes...
2025-09-01 17:46:57.074 [info] Got 1 sessions for ...
2025-09-01 17:46:57.074 [info] Getting sessions for all scopes...
2025-09-01 17:46:57.074 [info] Got 1 sessions for ...
2025-09-01 17:46:57.074 [info] Getting sessions for all scopes...
2025-09-01 17:46:57.074 [info] Got 1 sessions for ...
2025-09-01 17:46:57.074 [info] Getting sessions for all scopes...
2025-09-01 17:46:57.074 [info] Got 1 sessions for ...
2025-09-01 17:46:57.074 [info] Getting sessions for all scopes...
2025-09-01 17:46:57.074 [info] Got 1 sessions for ...
2025-09-01 17:46:57.074 [info] Getting sessions for all scopes...
2025-09-01 17:46:57.074 [info] Got 1 sessions for ...
2025-09-01 17:46:57.074 [info] Getting sessions for all scopes...
2025-09-01 17:46:57.074 [info] Got 1 sessions for ...
2025-09-01 17:46:57.074 [info] Getting sessions for all scopes...
2025-09-01 17:46:57.074 [info] Got 1 sessions for ...
2025-09-01 17:46:57.074 [info] Getting sessions for all scopes...
2025-09-01 17:46:57.074 [info] Got 1 sessions for ...
2025-09-01 17:46:57.074 [info] Getting sessions for all scopes...
2025-09-01 17:46:57.074 [info] Got 1 sessions for ...
2025-09-01 17:46:57.074 [info] Getting sessions for all scopes...
2025-09-01 17:46:57.074 [info] Got 1 sessions for ...
2025-09-01 17:46:57.074 [info] Getting sessions for all scopes...
2025-09-01 17:46:57.074 [info] Got 1 sessions for ...
2025-09-01 17:46:57.074 [info] Getting sessions for all scopes...
2025-09-01 17:46:57.074 [info] Got 1 sessions for ...
2025-09-01 17:46:57.074 [info] Getting sessions for all scopes...
2025-09-01 17:46:57.074 [info] Got 1 sessions for ...
2025-09-01 17:46:57.074 [info] Getting sessions for all scopes...
2025-09-01 17:46:57.074 [info] Got 1 sessions for ...
2025-09-01 17:46:57.074 [info] Getting sessions for all scopes...
2025-09-01 17:46:57.074 [info] Got 1 sessions for ...
2025-09-01 17:46:57.074 [info] Getting sessions for all scopes...
2025-09-01 17:46:57.074 [info] Got 1 sessions for ...
2025-09-01 17:46:57.089 [info] Getting sessions for read:user,repo,user:email,workflow...
2025-09-01 17:46:57.089 [info] Got 0 sessions for read:user,repo,user:email,workflow...
2025-09-01 17:46:57.122 [info] Getting sessions for user:email...
2025-09-01 17:46:57.122 [info] Got 1 sessions for user:email...
2025-09-01 17:46:57.122 [info] Getting sessions for read:user,repo,user:email,workflow...
2025-09-01 17:46:57.122 [info] Got 0 sessions for read:user,repo,user:email,workflow...
2025-09-01 17:46:57.128 [info] Getting sessions for all scopes...
2025-09-01 17:46:57.128 [info] Got 1 sessions for ...
2025-09-01 17:46:57.136 [info] Getting sessions for all scopes...
2025-09-01 17:46:57.136 [info] Got 1 sessions for ...
2025-09-01 17:46:57.147 [info] Getting sessions for all scopes...
2025-09-01 17:46:57.147 [info] Got 1 sessions for ...
2025-09-01 17:46:57.148 [info] Getting sessions for read:user,repo,user:email,workflow...
2025-09-01 17:46:57.148 [info] Got 0 sessions for read:user,repo,user:email,workflow...
2025-09-01 17:46:57.148 [info] Getting sessions for user:email...
2025-09-01 17:46:57.148 [info] Got 1 sessions for user:email...
2025-09-01 17:46:57.149 [info] Getting sessions for all scopes...
2025-09-01 17:46:57.149 [info] Got 1 sessions for ...
2025-09-01 17:46:57.149 [info] Getting sessions for read:user,repo,user:email,workflow...
2025-09-01 17:46:57.149 [info] Got 0 sessions for read:user,repo,user:email,workflow...
2025-09-01 17:46:57.149 [info] Getting sessions for user:email...
2025-09-01 17:46:57.149 [info] Got 1 sessions for user:email...
2025-09-01 17:46:57.195 [info] Getting sessions for all scopes...
2025-09-01 17:46:57.195 [info] Got 1 sessions for ...
2025-09-01 17:46:57.261 [info] Getting sessions for all scopes...
2025-09-01 17:46:57.261 [info] Got 1 sessions for ...
2025-09-01 17:46:57.264 [info] Getting sessions for read:user,repo,user:email,workflow...
2025-09-01 17:46:57.264 [info] Got 0 sessions for read:user,repo,user:email,workflow...
2025-09-01 17:46:57.265 [info] Getting sessions for user:email...
2025-09-01 17:46:57.265 [info] Got 1 sessions for user:email...
2025-09-01 17:46:57.523 [info] Getting sessions for all scopes...
2025-09-01 17:46:57.523 [info] Got 1 sessions for ...
2025-09-01 17:46:57.524 [info] Getting sessions for read:user,repo,user:email,workflow...
2025-09-01 17:46:57.524 [info] Got 0 sessions for read:user,repo,user:email,workflow...
2025-09-01 17:46:57.524 [info] Getting sessions for user:email...
2025-09-01 17:46:57.524 [info] Got 1 sessions for user:email...
2025-09-01 17:46:58.767 [info] Getting sessions for all scopes...
2025-09-01 17:46:58.767 [info] Got 1 sessions for ...
2025-09-01 17:46:58.778 [info] Getting sessions for all scopes...
2025-09-01 17:46:58.778 [info] Got 1 sessions for ...
2025-09-01 17:46:58.920 [info] Getting sessions for all scopes...
2025-09-01 17:46:58.920 [info] Got 1 sessions for ...
2025-09-01 17:46:58.921 [info] Getting sessions for all scopes...
2025-09-01 17:46:58.921 [info] Got 1 sessions for ...
2025-09-01 17:46:58.921 [info] Getting sessions for all scopes...
2025-09-01 17:46:58.921 [info] Got 1 sessions for ...
2025-09-01 17:46:58.921 [info] Getting sessions for all scopes...
2025-09-01 17:46:58.921 [info] Got 1 sessions for ...
2025-09-01 17:46:58.925 [info] Getting sessions for all scopes...
2025-09-01 17:46:58.925 [info] Got 1 sessions for ...
2025-09-01 17:46:58.925 [info] Getting sessions for read:user,repo,user:email,workflow...
2025-09-01 17:46:58.925 [info] Got 0 sessions for read:user,repo,user:email,workflow...
2025-09-01 17:46:58.925 [info] Getting sessions for read:user,repo,user:email,workflow...
2025-09-01 17:46:58.925 [info] Got 0 sessions for read:user,repo,user:email,workflow...
2025-09-01 17:46:58.927 [info] Getting sessions for read:user...
2025-09-01 17:46:58.927 [info] Got 0 sessions for read:user...
2025-09-01 17:46:58.927 [info] Getting sessions for user:email...
2025-09-01 17:46:58.927 [info] Got 1 sessions for user:email...
2025-09-01 17:46:58.927 [info] Getting sessions for read:user,repo,user:email,workflow...
2025-09-01 17:46:58.927 [info] Got 0 sessions for read:user,repo,user:email,workflow...
2025-09-01 17:46:58.929 [info] Getting sessions for user:email...
2025-09-01 17:46:58.929 [info] Got 1 sessions for user:email...
2025-09-01 17:46:58.929 [info] Getting sessions for all scopes...
2025-09-01 17:46:58.929 [info] Got 1 sessions for ...
2025-09-01 17:46:58.932 [info] Getting sessions for read:user,repo,user:email,workflow...
2025-09-01 17:46:58.932 [info] Got 0 sessions for read:user,repo,user:email,workflow...
2025-09-01 17:46:58.933 [info] Getting sessions for user:email...
2025-09-01 17:46:58.933 [info] Got 1 sessions for user:email...
2025-09-01 17:46:59.020 [info] Getting sessions for all scopes...
2025-09-01 17:46:59.020 [info] Got 1 sessions for ...
2025-09-01 17:46:59.021 [info] Getting sessions for all scopes...
2025-09-01 17:46:59.021 [info] Got 1 sessions for ...
2025-09-01 17:46:59.021 [info] Getting sessions for all scopes...
2025-09-01 17:46:59.021 [info] Got 1 sessions for ...
2025-09-01 17:46:59.022 [info] Getting sessions for read:user,repo,user:email,workflow...
2025-09-01 17:46:59.022 [info] Got 0 sessions for read:user,repo,user:email,workflow...
2025-09-01 17:46:59.022 [info] Getting sessions for user:email...
2025-09-01 17:46:59.022 [info] Got 1 sessions for user:email...
2025-09-01 17:46:59.022 [info] Getting sessions for read:user,repo,user:email,workflow...
2025-09-01 17:46:59.022 [info] Got 0 sessions for read:user,repo,user:email,workflow...
2025-09-01 17:46:59.024 [info] Getting sessions for all scopes...
2025-09-01 17:46:59.024 [info] Got 1 sessions for ...
2025-09-01 17:46:59.024 [info] Getting sessions for all scopes...
2025-09-01 17:46:59.024 [info] Got 1 sessions for ...
2025-09-01 17:46:59.024 [info] Getting sessions for all scopes...
2025-09-01 17:46:59.024 [info] Got 1 sessions for ...
2025-09-01 17:46:59.025 [info] Getting sessions for read:user,repo,user:email,workflow...
2025-09-01 17:46:59.025 [info] Got 0 sessions for read:user,repo,user:email,workflow...
2025-09-01 17:46:59.025 [info] Getting sessions for user:email...
2025-09-01 17:46:59.025 [info] Got 1 sessions for user:email...
2025-09-01 17:46:59.724 [info] Getting sessions for all scopes...
2025-09-01 17:46:59.724 [info] Got 1 sessions for ...
2025-09-01 17:46:59.810 [info] Getting sessions for all scopes...
2025-09-01 17:46:59.810 [info] Got 1 sessions for ...
2025-09-01 17:46:59.810 [info] Getting sessions for read:user,repo,user:email,workflow...
2025-09-01 17:46:59.810 [info] Got 0 sessions for read:user,repo,user:email,workflow...
2025-09-01 17:46:59.811 [info] Getting sessions for user:email...
2025-09-01 17:46:59.811 [info] Got 1 sessions for user:email...
2025-09-01 17:47:03.848 [info] Reading sessions from keychain...
2025-09-01 17:47:03.848 [info] Getting sessions for all scopes...
2025-09-01 17:47:03.848 [info] Got stored sessions!
2025-09-01 17:47:03.848 [info] Got 1 verified sessions.
2025-09-01 17:47:03.848 [info] Got 1 sessions for ...
2025-09-01 17:47:03.848 [info] Getting sessions for all scopes...
2025-09-01 17:47:03.848 [info] Got 1 sessions for ...
2025-09-01 17:47:03.848 [info] Getting sessions for all scopes...
2025-09-01 17:47:03.848 [info] Got 1 sessions for ...
2025-09-01 17:47:03.848 [info] Getting sessions for all scopes...
2025-09-01 17:47:03.848 [info] Got 1 sessions for ...
2025-09-01 17:47:03.848 [info] Getting sessions for all scopes...
2025-09-01 17:47:03.848 [info] Got 1 sessions for ...
2025-09-01 17:47:03.848 [info] Getting sessions for all scopes...
2025-09-01 17:47:03.848 [info] Got 1 sessions for ...
2025-09-01 17:47:03.848 [info] Getting sessions for all scopes...
2025-09-01 17:47:03.848 [info] Got 1 sessions for ...
2025-09-01 17:47:03.848 [info] Getting sessions for all scopes...
2025-09-01 17:47:03.848 [info] Got 1 sessions for ...
2025-09-01 17:47:03.848 [info] Getting sessions for all scopes...
2025-09-01 17:47:03.848 [info] Got 1 sessions for ...
2025-09-01 17:47:03.848 [info] Getting sessions for all scopes...
2025-09-01 17:47:03.848 [info] Got 1 sessions for ...
2025-09-01 17:47:03.848 [info] Getting sessions for all scopes...
2025-09-01 17:47:03.848 [info] Got 1 sessions for ...
2025-09-01 17:47:03.848 [info] Getting sessions for all scopes...
2025-09-01 17:47:03.848 [info] Got 1 sessions for ...
2025-09-01 17:47:03.848 [info] Getting sessions for all scopes...
2025-09-01 17:47:03.848 [info] Got 1 sessions for ...
2025-09-01 17:47:03.848 [info] Getting sessions for all scopes...
2025-09-01 17:47:03.848 [info] Got 1 sessions for ...
2025-09-01 17:47:03.854 [info] Getting sessions for all scopes...
2025-09-01 17:47:03.854 [info] Got 1 sessions for ...
2025-09-01 17:47:03.906 [info] Getting sessions for all scopes...
2025-09-01 17:47:03.906 [info] Got 1 sessions for ...
2025-09-01 17:47:03.938 [info] Getting sessions for read:user,repo,user:email,workflow...
2025-09-01 17:47:03.938 [info] Got 0 sessions for read:user,repo,user:email,workflow...
2025-09-01 17:47:03.951 [info] Getting sessions for user:email...
2025-09-01 17:47:03.951 [info] Got 1 sessions for user:email...
2025-09-01 17:47:03.951 [info] Getting sessions for read:user,repo,user:email,workflow...
2025-09-01 17:47:03.951 [info] Got 0 sessions for read:user,repo,user:email,workflow...
2025-09-01 17:47:03.954 [info] Getting sessions for all scopes...
2025-09-01 17:47:03.954 [info] Got 1 sessions for ...
2025-09-01 17:47:03.954 [info] Getting sessions for read:user,repo,user:email,workflow...
2025-09-01 17:47:03.954 [info] Got 0 sessions for read:user,repo,user:email,workflow...
2025-09-01 17:47:03.958 [info] Getting sessions for all scopes...
2025-09-01 17:47:03.958 [info] Got 1 sessions for ...
2025-09-01 17:47:03.960 [info] Getting sessions for user:email...
2025-09-01 17:47:03.960 [info] Got 1 sessions for user:email...
2025-09-01 17:47:03.960 [info] Getting sessions for all scopes...
2025-09-01 17:47:03.960 [info] Got 1 sessions for ...
2025-09-01 17:47:03.961 [info] Getting sessions for read:user,repo,user:email,workflow...
2025-09-01 17:47:03.961 [info] Got 0 sessions for read:user,repo,user:email,workflow...
2025-09-01 17:47:03.961 [info] Getting sessions for user:email...
2025-09-01 17:47:03.961 [info] Got 1 sessions for user:email...
2025-09-01 17:47:04.010 [info] Getting sessions for all scopes...
2025-09-01 17:47:04.010 [info] Got 1 sessions for ...
2025-09-01 17:47:04.025 [info] Getting sessions for all scopes...
2025-09-01 17:47:04.025 [info] Got 1 sessions for ...
2025-09-01 17:47:04.057 [info] Getting sessions for all scopes...
2025-09-01 17:47:04.058 [info] Got 1 sessions for ...
2025-09-01 17:47:04.059 [info] Getting sessions for read:user,repo,user:email,workflow...
2025-09-01 17:47:04.059 [info] Got 0 sessions for read:user,repo,user:email,workflow...
2025-09-01 17:47:04.059 [info] Getting sessions for user:email...
2025-09-01 17:47:04.059 [info] Got 1 sessions for user:email...
2025-09-01 17:47:04.275 [info] Getting sessions for all scopes...
2025-09-01 17:47:04.275 [info] Got 1 sessions for ...
2025-09-01 17:47:04.275 [info] Getting sessions for read:user,repo,user:email,workflow...
2025-09-01 17:47:04.275 [info] Got 0 sessions for read:user,repo,user:email,workflow...
2025-09-01 17:47:04.276 [info] Getting sessions for user:email...
2025-09-01 17:47:04.276 [info] Got 1 sessions for user:email...
2025-09-01 17:47:05.462 [info] Getting sessions for all scopes...
2025-09-01 17:47:05.462 [info] Got 1 sessions for ...
2025-09-01 17:47:05.462 [info] Getting sessions for all scopes...
2025-09-01 17:47:05.462 [info] Got 1 sessions for ...
2025-09-01 17:47:05.722 [info] Getting sessions for read:user,repo,user:email,workflow...
2025-09-01 17:47:05.722 [info] Got 0 sessions for read:user,repo,user:email,workflow...
2025-09-01 17:47:05.746 [info] Getting sessions for all scopes...
2025-09-01 17:47:05.746 [info] Got 1 sessions for ...
2025-09-01 17:47:05.749 [info] Getting sessions for all scopes...
2025-09-01 17:47:05.749 [info] Got 1 sessions for ...
2025-09-01 17:47:05.750 [info] Getting sessions for read:user,repo,user:email,workflow...
2025-09-01 17:47:05.750 [info] Got 0 sessions for read:user,repo,user:email,workflow...
2025-09-01 17:47:05.753 [info] Getting sessions for user:email...
2025-09-01 17:47:05.753 [info] Got 1 sessions for user:email...
2025-09-01 17:47:05.753 [info] Getting sessions for read:user,repo,user:email,workflow...
2025-09-01 17:47:05.753 [info] Got 0 sessions for read:user,repo,user:email,workflow...
2025-09-01 17:47:05.755 [info] Getting sessions for read:user...
2025-09-01 17:47:05.755 [info] Got 0 sessions for read:user...
2025-09-01 17:47:05.759 [info] Getting sessions for all scopes...
2025-09-01 17:47:05.759 [info] Got 1 sessions for ...
2025-09-01 17:47:05.760 [info] Getting sessions for user:email...
2025-09-01 17:47:05.760 [info] Got 1 sessions for user:email...
2025-09-01 17:47:05.762 [info] Getting sessions for read:user,repo,user:email,workflow...
2025-09-01 17:47:05.762 [info] Got 0 sessions for read:user,repo,user:email,workflow...
2025-09-01 17:47:05.823 [info] Getting sessions for all scopes...
2025-09-01 17:47:05.823 [info] Got 1 sessions for ...
2025-09-01 17:47:05.823 [info] Getting sessions for all scopes...
2025-09-01 17:47:05.823 [info] Got 1 sessions for ...
2025-09-01 17:47:05.823 [info] Getting sessions for all scopes...
2025-09-01 17:47:05.823 [info] Got 1 sessions for ...
2025-09-01 17:47:05.823 [info] Getting sessions for all scopes...
2025-09-01 17:47:05.823 [info] Got 1 sessions for ...
2025-09-01 17:47:05.836 [info] Getting sessions for user:email...
2025-09-01 17:47:05.836 [info] Got 1 sessions for user:email...
2025-09-01 17:47:05.877 [info] Getting sessions for all scopes...
2025-09-01 17:47:05.877 [info] Got 1 sessions for ...
2025-09-01 17:47:05.878 [info] Getting sessions for all scopes...
2025-09-01 17:47:05.878 [info] Got 1 sessions for ...
2025-09-01 17:47:05.886 [info] Getting sessions for read:user,repo,user:email,workflow...
2025-09-01 17:47:05.886 [info] Got 0 sessions for read:user,repo,user:email,workflow...
2025-09-01 17:47:05.887 [info] Getting sessions for user:email...
2025-09-01 17:47:05.887 [info] Got 1 sessions for user:email...
2025-09-01 17:47:05.887 [info] Getting sessions for read:user,repo,user:email,workflow...
2025-09-01 17:47:05.887 [info] Got 0 sessions for read:user,repo,user:email,workflow...
2025-09-01 17:47:05.889 [info] Getting sessions for all scopes...
2025-09-01 17:47:05.889 [info] Got 1 sessions for ...
2025-09-01 17:47:05.890 [info] Getting sessions for all scopes...
2025-09-01 17:47:05.890 [info] Got 1 sessions for ...
2025-09-01 17:47:05.891 [info] Getting sessions for all scopes...
2025-09-01 17:47:05.891 [info] Got 1 sessions for ...
2025-09-01 17:47:05.891 [info] Getting sessions for read:user,repo,user:email,workflow...
2025-09-01 17:47:05.891 [info] Got 0 sessions for read:user,repo,user:email,workflow...
2025-09-01 17:47:05.892 [info] Getting sessions for user:email...
2025-09-01 17:47:05.892 [info] Got 1 sessions for user:email...
2025-09-01 17:47:06.033 [info] Getting sessions for all scopes...
2025-09-01 17:47:06.033 [info] Got 1 sessions for ...
2025-09-01 17:47:06.132 [info] Getting sessions for all scopes...
2025-09-01 17:47:06.132 [info] Got 1 sessions for ...
2025-09-01 17:47:06.132 [info] Getting sessions for read:user,repo,user:email,workflow...
2025-09-01 17:47:06.132 [info] Got 0 sessions for read:user,repo,user:email,workflow...
2025-09-01 17:47:06.133 [info] Getting sessions for user:email...
2025-09-01 17:47:06.133 [info] Got 1 sessions for user:email...
