[2025-Jul-26 20:24:29.685 +02:00][22943:22943][info ] Logging initialized
[2025-Jul-26 20:27:04.462 +02:00][23648:23648][info ] Logging initialized
[2025-Jul-26 20:27:36.788 +02:00][23648:23648][info ] Logging initialized
[2025-Jul-26 22:41:47.528 +02:00][ 1706: 1706][info ] Logging initialized
[2025-Jul-27 03:14:25.378 +02:00][ 6410: 6410][info ] Logging initialized
[2025-Jul-27 13:45:55.431 +02:00][ 6943: 6943][info ] Logging initialized
[2025-Jul-27 13:46:40.681 +02:00][ 6943: 6943][info ] Logging initialized
[2025-Jul-28 02:01:46.148 +02:00][ 4966: 4966][info ] Logging initialized
[2025-Jul-29 22:30:57.059 +02:00][ 9662: 9662][info ] Logging initialized
[2025-Jul-31 13:22:06.985 +02:00][ 1232: 1232][info ] Logging initialized
[2025-Jul-31 17:25:45.463 +02:00][32017:32017][info ] Logging initialized
[2025-Jul-31 23:04:54.538 +02:00][ 7518: 7518][info ] Logging initialized
[2025-Jul-31 23:05:32.190 +02:00][ 7925: 7925][info ] Logging initialized
[2025-Aug-01 00:11:50.796 +02:00][ 7925: 7925][info ] Logging initialized
[2025-Aug-01 12:51:43.787 +02:00][15528:15528][info ] Logging initialized
[2025-Aug-01 17:18:17.482 +02:00][ 3560: 3560][info ] Logging initialized
[2025-Aug-02 11:56:24.710 +02:00][ 1698: 1698][info ] Logging initialized
[2025-Aug-02 20:00:07.433 +02:00][ 3241: 3241][info ] Logging initialized
[2025-Aug-03 13:32:10.186 +02:00][ 8561: 8561][info ] Logging initialized
[2025-Aug-03 19:14:13.375 +02:00][ 6280: 6280][info ] Logging initialized
[2025-Aug-06 20:25:30.656 +02:00][76568:76568][info ] Logging initialized
[2025-Aug-06 22:40:24.951 +02:00][92643:92643][info ] Logging initialized
[2025-Aug-07 14:24:41.216 +02:00][15768:15768][info ] Logging initialized
[2025-Aug-17 00:47:54.973 +02:00][ 8623: 8623][info ] Logging initialized
[2025-Aug-17 12:59:36.771 +02:00][ 2900: 2900][info ] Logging initialized
[2025-Aug-21 00:30:34.285 +02:00][11565:11565][info ] Logging initialized
[2025-Aug-21 12:36:05.958 +02:00][12551:12551][info ] Logging initialized
[2025-Aug-21 20:37:09.402 +02:00][30099:30099][info ] Logging initialized
[2025-Aug-22 17:10:27.827 +02:00][ 6431: 6431][info ] Logging initialized
[2025-Aug-29 10:24:12.846 +02:00][ 9184: 9184][info ] Logging initialized
[2025-Sep-01 17:44:14.107 +02:00][ 1866: 1866][info ] Logging initialized
[2025-Sep-01 17:45:12.821 +02:00][ 3762: 3762][info ] Logging initialized
[2025-Sep-20 16:48:09.908 +02:00][ 8076: 8076][info ] Logging initialized
[2025-Sep-20 16:49:14.071 +02:00][ 8987: 8987][info ] Logging initialized
