2025-08-29 10:25:50.581 [info] Reading sessions from keychain...
2025-08-29 10:25:50.581 [info] Getting sessions for all scopes...
2025-08-29 10:25:50.581 [info] Got stored sessions!
2025-08-29 10:25:50.581 [info] Got 1 verified sessions.
2025-08-29 10:25:50.581 [info] Got 1 sessions for ...
2025-08-29 10:25:50.581 [info] Getting sessions for all scopes...
2025-08-29 10:25:50.581 [info] Got 1 sessions for ...
2025-08-29 10:25:50.581 [info] Getting sessions for all scopes...
2025-08-29 10:25:50.581 [info] Got 1 sessions for ...
2025-08-29 10:25:50.581 [info] Getting sessions for all scopes...
2025-08-29 10:25:50.581 [info] Got 1 sessions for ...
2025-08-29 10:25:50.581 [info] Getting sessions for all scopes...
2025-08-29 10:25:50.581 [info] Got 1 sessions for ...
2025-08-29 10:25:50.581 [info] Getting sessions for all scopes...
2025-08-29 10:25:50.581 [info] Got 1 sessions for ...
2025-08-29 10:25:50.581 [info] Getting sessions for all scopes...
2025-08-29 10:25:50.581 [info] Got 1 sessions for ...
2025-08-29 10:25:50.581 [info] Getting sessions for all scopes...
2025-08-29 10:25:50.581 [info] Got 1 sessions for ...
2025-08-29 10:25:50.581 [info] Getting sessions for all scopes...
2025-08-29 10:25:50.581 [info] Got 1 sessions for ...
2025-08-29 10:25:50.584 [info] Getting sessions for all scopes...
2025-08-29 10:25:50.584 [info] Got 1 sessions for ...
2025-08-29 10:25:50.584 [info] Getting sessions for all scopes...
2025-08-29 10:25:50.584 [info] Got 1 sessions for ...
2025-08-29 10:25:50.584 [info] Getting sessions for all scopes...
2025-08-29 10:25:50.584 [info] Got 1 sessions for ...
2025-08-29 10:25:50.584 [info] Getting sessions for all scopes...
2025-08-29 10:25:50.584 [info] Got 1 sessions for ...
2025-08-29 10:25:50.584 [info] Getting sessions for all scopes...
2025-08-29 10:25:50.584 [info] Got 1 sessions for ...
2025-08-29 10:25:50.584 [info] Getting sessions for all scopes...
2025-08-29 10:25:50.584 [info] Got 1 sessions for ...
2025-08-29 10:25:50.584 [info] Getting sessions for all scopes...
2025-08-29 10:25:50.584 [info] Got 1 sessions for ...
2025-08-29 10:25:50.584 [info] Getting sessions for all scopes...
2025-08-29 10:25:50.584 [info] Got 1 sessions for ...
2025-08-29 10:25:50.629 [info] Getting sessions for read:user,repo,user:email,workflow...
2025-08-29 10:25:50.629 [info] Got 0 sessions for read:user,repo,user:email,workflow...
2025-08-29 10:25:50.678 [info] Getting sessions for all scopes...
2025-08-29 10:25:50.678 [info] Got 1 sessions for ...
2025-08-29 10:25:50.691 [info] Getting sessions for user:email...
2025-08-29 10:25:50.691 [info] Got 1 sessions for user:email...
2025-08-29 10:25:50.693 [info] Getting sessions for read:user,repo,user:email,workflow...
2025-08-29 10:25:50.693 [info] Got 0 sessions for read:user,repo,user:email,workflow...
2025-08-29 10:25:50.699 [info] Getting sessions for all scopes...
2025-08-29 10:25:50.699 [info] Got 1 sessions for ...
2025-08-29 10:25:50.707 [info] Getting sessions for all scopes...
2025-08-29 10:25:50.707 [info] Got 1 sessions for ...
2025-08-29 10:25:50.717 [info] Getting sessions for read:user,repo,user:email,workflow...
2025-08-29 10:25:50.717 [info] Got 0 sessions for read:user,repo,user:email,workflow...
2025-08-29 10:25:50.717 [info] Getting sessions for user:email...
2025-08-29 10:25:50.717 [info] Got 1 sessions for user:email...
2025-08-29 10:25:50.718 [info] Getting sessions for all scopes...
2025-08-29 10:25:50.718 [info] Got 1 sessions for ...
2025-08-29 10:25:50.719 [info] Getting sessions for read:user,repo,user:email,workflow...
2025-08-29 10:25:50.719 [info] Got 0 sessions for read:user,repo,user:email,workflow...
2025-08-29 10:25:50.719 [info] Getting sessions for user:email...
2025-08-29 10:25:50.719 [info] Got 1 sessions for user:email...
2025-08-29 10:25:50.757 [info] Getting sessions for all scopes...
2025-08-29 10:25:50.757 [info] Got 1 sessions for ...
2025-08-29 10:25:50.827 [info] Getting sessions for all scopes...
2025-08-29 10:25:50.827 [info] Got 1 sessions for ...
2025-08-29 10:25:50.828 [info] Getting sessions for read:user,repo,user:email,workflow...
2025-08-29 10:25:50.829 [info] Got 0 sessions for read:user,repo,user:email,workflow...
2025-08-29 10:25:50.829 [info] Getting sessions for user:email...
2025-08-29 10:25:50.829 [info] Got 1 sessions for user:email...
2025-08-29 10:25:51.012 [info] Getting sessions for all scopes...
2025-08-29 10:25:51.012 [info] Got 1 sessions for ...
2025-08-29 10:25:51.013 [info] Getting sessions for read:user,repo,user:email,workflow...
2025-08-29 10:25:51.013 [info] Got 0 sessions for read:user,repo,user:email,workflow...
2025-08-29 10:25:51.014 [info] Getting sessions for user:email...
2025-08-29 10:25:51.014 [info] Got 1 sessions for user:email...
2025-08-29 10:25:52.231 [info] Getting sessions for all scopes...
2025-08-29 10:25:52.231 [info] Got 1 sessions for ...
2025-08-29 10:25:52.231 [info] Getting sessions for all scopes...
2025-08-29 10:25:52.231 [info] Got 1 sessions for ...
2025-08-29 10:25:52.410 [info] Getting sessions for all scopes...
2025-08-29 10:25:52.410 [info] Got 1 sessions for ...
2025-08-29 10:25:52.410 [info] Getting sessions for read:user,repo,user:email,workflow...
2025-08-29 10:25:52.410 [info] Got 0 sessions for read:user,repo,user:email,workflow...
2025-08-29 10:25:52.410 [info] Getting sessions for all scopes...
2025-08-29 10:25:52.410 [info] Got 1 sessions for ...
2025-08-29 10:25:52.410 [info] Getting sessions for read:user,repo,user:email,workflow...
2025-08-29 10:25:52.410 [info] Got 0 sessions for read:user,repo,user:email,workflow...
2025-08-29 10:25:52.411 [info] Getting sessions for user:email...
2025-08-29 10:25:52.411 [info] Got 1 sessions for user:email...
2025-08-29 10:25:52.411 [info] Getting sessions for read:user,repo,user:email,workflow...
2025-08-29 10:25:52.411 [info] Got 0 sessions for read:user,repo,user:email,workflow...
2025-08-29 10:25:52.411 [info] Getting sessions for read:user...
2025-08-29 10:25:52.411 [info] Got 0 sessions for read:user...
2025-08-29 10:25:52.412 [info] Getting sessions for all scopes...
2025-08-29 10:25:52.412 [info] Got 1 sessions for ...
2025-08-29 10:25:52.412 [info] Getting sessions for user:email...
2025-08-29 10:25:52.412 [info] Got 1 sessions for user:email...
2025-08-29 10:25:52.413 [info] Getting sessions for read:user,repo,user:email,workflow...
2025-08-29 10:25:52.413 [info] Got 0 sessions for read:user,repo,user:email,workflow...
2025-08-29 10:25:52.414 [info] Getting sessions for user:email...
2025-08-29 10:25:52.414 [info] Got 1 sessions for user:email...
2025-08-29 10:25:52.501 [info] Getting sessions for all scopes...
2025-08-29 10:25:52.501 [info] Got 1 sessions for ...
2025-08-29 10:25:52.502 [info] Getting sessions for all scopes...
2025-08-29 10:25:52.502 [info] Got 1 sessions for ...
2025-08-29 10:25:52.506 [info] Getting sessions for read:user,repo,user:email,workflow...
2025-08-29 10:25:52.506 [info] Got 0 sessions for read:user,repo,user:email,workflow...
2025-08-29 10:25:52.509 [info] Getting sessions for user:email...
2025-08-29 10:25:52.509 [info] Got 1 sessions for user:email...
2025-08-29 10:25:52.509 [info] Getting sessions for read:user,repo,user:email,workflow...
2025-08-29 10:25:52.509 [info] Got 0 sessions for read:user,repo,user:email,workflow...
2025-08-29 10:25:52.511 [info] Getting sessions for all scopes...
2025-08-29 10:25:52.511 [info] Got 1 sessions for ...
2025-08-29 10:25:52.512 [info] Getting sessions for all scopes...
2025-08-29 10:25:52.512 [info] Got 1 sessions for ...
2025-08-29 10:25:52.512 [info] Getting sessions for all scopes...
2025-08-29 10:25:52.512 [info] Got 1 sessions for ...
2025-08-29 10:25:52.529 [info] Getting sessions for read:user,repo,user:email,workflow...
2025-08-29 10:25:52.529 [info] Got 0 sessions for read:user,repo,user:email,workflow...
2025-08-29 10:25:52.550 [info] Getting sessions for user:email...
2025-08-29 10:25:52.550 [info] Got 1 sessions for user:email...
2025-08-29 10:25:52.586 [info] Getting sessions for all scopes...
2025-08-29 10:25:52.586 [info] Got 1 sessions for ...
2025-08-29 10:25:52.586 [info] Getting sessions for all scopes...
2025-08-29 10:25:52.586 [info] Got 1 sessions for ...
2025-08-29 10:25:52.587 [info] Getting sessions for all scopes...
2025-08-29 10:25:52.587 [info] Got 1 sessions for ...
2025-08-29 10:25:52.587 [info] Getting sessions for all scopes...
2025-08-29 10:25:52.587 [info] Got 1 sessions for ...
2025-08-29 10:25:53.167 [info] Getting sessions for all scopes...
2025-08-29 10:25:53.167 [info] Got 1 sessions for ...
2025-08-29 10:25:53.252 [info] Getting sessions for all scopes...
2025-08-29 10:25:53.252 [info] Got 1 sessions for ...
2025-08-29 10:25:53.253 [info] Getting sessions for read:user,repo,user:email,workflow...
2025-08-29 10:25:53.253 [info] Got 0 sessions for read:user,repo,user:email,workflow...
2025-08-29 10:25:53.253 [info] Getting sessions for user:email...
2025-08-29 10:25:53.253 [info] Got 1 sessions for user:email...
2025-08-29 10:27:07.667 [info] Getting sessions for all scopes...
2025-08-29 10:27:07.667 [info] Got 1 sessions for ...
2025-08-29 10:27:07.668 [info] Getting sessions for read:user,repo,user:email,workflow...
2025-08-29 10:27:07.668 [info] Got 0 sessions for read:user,repo,user:email,workflow...
2025-08-29 10:27:07.670 [info] Getting sessions for user:email...
2025-08-29 10:27:07.670 [info] Got 1 sessions for user:email...
2025-08-29 10:27:53.685 [info] Getting sessions for all scopes...
2025-08-29 10:27:53.685 [info] Got 1 sessions for ...
2025-08-29 10:27:53.697 [info] Getting sessions for read:user,repo,user:email,workflow...
2025-08-29 10:27:53.697 [info] Got 0 sessions for read:user,repo,user:email,workflow...
2025-08-29 10:27:53.699 [info] Getting sessions for user:email...
2025-08-29 10:27:53.699 [info] Got 1 sessions for user:email...
2025-08-29 10:28:31.953 [info] Getting sessions for all scopes...
2025-08-29 10:28:31.953 [info] Got 1 sessions for ...
2025-08-29 10:28:31.954 [info] Getting sessions for read:user,repo,user:email,workflow...
2025-08-29 10:28:31.954 [info] Got 0 sessions for read:user,repo,user:email,workflow...
2025-08-29 10:28:31.954 [info] Getting sessions for user:email...
2025-08-29 10:28:31.954 [info] Got 1 sessions for user:email...
2025-08-29 10:28:33.195 [info] Getting sessions for all scopes...
2025-08-29 10:28:33.195 [info] Got 1 sessions for ...
2025-08-29 10:28:33.195 [info] Getting sessions for read:user,repo,user:email,workflow...
2025-08-29 10:28:33.195 [info] Got 0 sessions for read:user,repo,user:email,workflow...
2025-08-29 10:28:33.195 [info] Getting sessions for user:email...
2025-08-29 10:28:33.195 [info] Got 1 sessions for user:email...
2025-08-29 10:40:53.255 [info] Getting sessions for all scopes...
2025-08-29 10:40:53.255 [info] Got 1 sessions for ...
2025-08-29 10:40:53.256 [info] Getting sessions for read:user,repo,user:email,workflow...
2025-08-29 10:40:53.256 [info] Got 0 sessions for read:user,repo,user:email,workflow...
2025-08-29 10:40:53.256 [info] Getting sessions for user:email...
2025-08-29 10:40:53.256 [info] Got 1 sessions for user:email...
